<?xml version="1.0" encoding="utf-8"?>
<CoverageSession>
  <Summary numSequencePoints="727" visitedSequencePoints="80" numBranchPoints="727" visitedBranchPoints="80" sequenceCoverage="0.11" branchCoverage="0.11" maxCyclomaticComplexity="0" minCyclomaticComplexity="0" visitedClasses="3" numClasses="17" visitedMethods="27" numMethods="108" />
  <Modules>
    <Module hash="7BCF077E-3665-4F10-8CE3-B6BEE333ADA3">
      <ModulePath>Umfrage.dll</ModulePath>
      <ModuleTime>2019-01-07T11:20:05</ModuleTime>
      <ModuleName>Umfrage</ModuleName>
      <Files>
        <File uid="1" fullPath="E:\Projects\git\Umfrage\src\Umfrage\Questionnaire.cs" />
        <File uid="2" fullPath="E:\Projects\git\Umfrage\src\Umfrage\Implementations\Branch.cs" />
        <File uid="3" fullPath="E:\Projects\git\Umfrage\src\Umfrage\Implementations\CheckList.cs" />
        <File uid="4" fullPath="E:\Projects\git\Umfrage\src\Umfrage\Implementations\Confirm.cs" />
        <File uid="5" fullPath="E:\Projects\git\Umfrage\src\Umfrage\Implementations\Prompt.cs" />
        <File uid="6" fullPath="E:\Projects\git\Umfrage\src\Umfrage\Implementations\QuestionOption.cs" />
        <File uid="7" fullPath="E:\Projects\git\Umfrage\src\Umfrage\Implementations\SelectableList.cs" />
        <File uid="8" fullPath="E:\Projects\git\Umfrage\src\Umfrage\Implementations\UserConsole.cs" />
        <File uid="9" fullPath="E:\Projects\git\Umfrage\src\Umfrage\Extensions\FuncExtensions.cs" />
        <File uid="10" fullPath="E:\Projects\git\Umfrage\src\Umfrage\Extensions\IQuestionExtensions.cs" />
        <File uid="11" fullPath="E:\Projects\git\Umfrage\src\Umfrage\Extensions\IQuestionnaireExtensions.cs" />
        <File uid="12" fullPath="E:\Projects\git\Umfrage\src\Umfrage\Builders\ListQuestionBuilder.cs" />
        <File uid="13" fullPath="E:\Projects\git\Umfrage\src\Umfrage\Builders\QuestionBuilder.cs" />
        <File uid="14" fullPath="E:\Projects\git\Umfrage\src\Umfrage\Builders\SimpleQuestionBuilder.cs" />
        <File uid="15" fullPath="E:\Projects\git\Umfrage\src\Umfrage\Abstractions\Question.cs" />
        <File uid="16" fullPath="E:\Projects\git\Umfrage\src\Umfrage\Abstractions\QuestionnaireSettings.cs" />
      </Files>
      <Classes>
        <Class>
          <Summary numSequencePoints="131" visitedSequencePoints="0" numBranchPoints="54" visitedBranchPoints="0" sequenceCoverage="0" branchCoverage="0" maxCyclomaticComplexity="0" minCyclomaticComplexity="0" visitedClasses="0" numClasses="1" visitedMethods="0" numMethods="21" />
          <FullName>Umfrage.Questionnaire</FullName>
          <Methods>
            <Method cyclomaticComplexity="0" nPathComplexity="0" sequenceCoverage="0" branchCoverage="0" isConstructor="False" isGetter="True" isSetter="False" isStatic="True">
              <Summary numSequencePoints="1" visitedSequencePoints="0" numBranchPoints="0" visitedBranchPoints="0" sequenceCoverage="0" branchCoverage="0" maxCyclomaticComplexity="0" minCyclomaticComplexity="0" visitedClasses="0" numClasses="0" visitedMethods="0" numMethods="1" />
              <MetadataToken />
              <Name>System.Boolean Umfrage.Questionnaire::get_CanProceed()</Name>
              <FileRef uid="1" />
              <SequencePoints>
                <SequencePoint vc="0" upsid="26" ordinal="0" sl="26" sc="1" el="26" ec="2" bec="0" bev="0" fileid="1" />
              </SequencePoints>
              <BranchPoints />
              <MethodPoint vc="0" upsid="0" p8:type="SequencePoint" ordinal="0" offset="0" sc="0" sl="26" ec="1" el="26" bec="0" bev="0" fileid="1" xmlns:p8="xsi" />
            </Method>
            <Method cyclomaticComplexity="0" nPathComplexity="0" sequenceCoverage="0" branchCoverage="0" isConstructor="False" isGetter="True" isSetter="False" isStatic="True">
              <Summary numSequencePoints="1" visitedSequencePoints="0" numBranchPoints="0" visitedBranchPoints="0" sequenceCoverage="0" branchCoverage="0" maxCyclomaticComplexity="0" minCyclomaticComplexity="0" visitedClasses="0" numClasses="0" visitedMethods="0" numMethods="1" />
              <MetadataToken />
              <Name>Umfrage.Abstractions.IUserTerminal Umfrage.Questionnaire::get_Terminal()</Name>
              <FileRef uid="1" />
              <SequencePoints>
                <SequencePoint vc="0" upsid="28" ordinal="0" sl="28" sc="1" el="28" ec="2" bec="0" bev="0" fileid="1" />
              </SequencePoints>
              <BranchPoints />
              <MethodPoint vc="0" upsid="0" p8:type="SequencePoint" ordinal="1" offset="1" sc="0" sl="28" ec="1" el="28" bec="0" bev="0" fileid="1" xmlns:p8="xsi" />
            </Method>
            <Method cyclomaticComplexity="0" nPathComplexity="0" sequenceCoverage="0" branchCoverage="0" isConstructor="False" isGetter="True" isSetter="False" isStatic="True">
              <Summary numSequencePoints="1" visitedSequencePoints="0" numBranchPoints="0" visitedBranchPoints="0" sequenceCoverage="0" branchCoverage="0" maxCyclomaticComplexity="0" minCyclomaticComplexity="0" visitedClasses="0" numClasses="0" visitedMethods="0" numMethods="1" />
              <MetadataToken />
              <Name>System.Collections.Generic.IEnumerable`1&lt;Umfrage.Abstractions.IBranch&gt; Umfrage.Questionnaire::get_Branches()</Name>
              <FileRef uid="1" />
              <SequencePoints>
                <SequencePoint vc="0" upsid="30" ordinal="0" sl="30" sc="1" el="30" ec="2" bec="0" bev="0" fileid="1" />
              </SequencePoints>
              <BranchPoints />
              <MethodPoint vc="0" upsid="0" p8:type="SequencePoint" ordinal="2" offset="2" sc="0" sl="30" ec="1" el="30" bec="0" bev="0" fileid="1" xmlns:p8="xsi" />
            </Method>
            <Method cyclomaticComplexity="0" nPathComplexity="0" sequenceCoverage="0" branchCoverage="0" isConstructor="False" isGetter="True" isSetter="False" isStatic="True">
              <Summary numSequencePoints="1" visitedSequencePoints="0" numBranchPoints="0" visitedBranchPoints="0" sequenceCoverage="0" branchCoverage="0" maxCyclomaticComplexity="0" minCyclomaticComplexity="0" visitedClasses="0" numClasses="0" visitedMethods="0" numMethods="1" />
              <MetadataToken />
              <Name>System.Collections.Generic.IEnumerable`1&lt;Umfrage.Abstractions.IQuestion&gt; Umfrage.Questionnaire::get_Questions()</Name>
              <FileRef uid="1" />
              <SequencePoints>
                <SequencePoint vc="0" upsid="31" ordinal="0" sl="31" sc="1" el="31" ec="2" bec="0" bev="0" fileid="1" />
              </SequencePoints>
              <BranchPoints />
              <MethodPoint vc="0" upsid="0" p8:type="SequencePoint" ordinal="3" offset="3" sc="0" sl="31" ec="1" el="31" bec="0" bev="0" fileid="1" xmlns:p8="xsi" />
            </Method>
            <Method cyclomaticComplexity="0" nPathComplexity="0" sequenceCoverage="0" branchCoverage="0" isConstructor="False" isGetter="True" isSetter="False" isStatic="True">
              <Summary numSequencePoints="1" visitedSequencePoints="0" numBranchPoints="0" visitedBranchPoints="0" sequenceCoverage="0" branchCoverage="0" maxCyclomaticComplexity="0" minCyclomaticComplexity="0" visitedClasses="0" numClasses="0" visitedMethods="0" numMethods="1" />
              <MetadataToken />
              <Name>System.Collections.Generic.IEnumerable`1&lt;Umfrage.Abstractions.IQuestion&gt; Umfrage.Questionnaire::get_ProcessedQuestions()</Name>
              <FileRef uid="1" />
              <SequencePoints>
                <SequencePoint vc="0" upsid="33" ordinal="0" sl="33" sc="1" el="33" ec="2" bec="0" bev="0" fileid="1" />
              </SequencePoints>
              <BranchPoints />
              <MethodPoint vc="0" upsid="0" p8:type="SequencePoint" ordinal="4" offset="4" sc="0" sl="33" ec="1" el="33" bec="0" bev="0" fileid="1" xmlns:p8="xsi" />
            </Method>
            <Method cyclomaticComplexity="0" nPathComplexity="0" sequenceCoverage="0" branchCoverage="0" isConstructor="False" isGetter="True" isSetter="False" isStatic="True">
              <Summary numSequencePoints="1" visitedSequencePoints="0" numBranchPoints="2" visitedBranchPoints="0" sequenceCoverage="0" branchCoverage="0" maxCyclomaticComplexity="0" minCyclomaticComplexity="0" visitedClasses="0" numClasses="0" visitedMethods="0" numMethods="1" />
              <MetadataToken />
              <Name>System.Int32 Umfrage.Questionnaire::get_Count()</Name>
              <FileRef uid="1" />
              <SequencePoints>
                <SequencePoint vc="0" upsid="36" ordinal="0" sl="36" sc="1" el="36" ec="2" bec="0" bev="0" fileid="1" />
              </SequencePoints>
              <BranchPoints>
                <BranchPoint vc="0" upsid="36" ordinal="0" path="0" offset="6" offsetend="8" sl="36" fileid="1" />
                <BranchPoint vc="0" upsid="36" ordinal="1" path="1" offset="6" offsetend="21" sl="36" fileid="1" />
              </BranchPoints>
              <MethodPoint vc="0" upsid="0" p8:type="SequencePoint" ordinal="5" offset="5" sc="0" sl="36" ec="1" el="36" bec="0" bev="0" fileid="1" xmlns:p8="xsi" />
            </Method>
            <Method cyclomaticComplexity="0" nPathComplexity="0" sequenceCoverage="0" branchCoverage="0" isConstructor="False" isGetter="True" isSetter="False" isStatic="True">
              <Summary numSequencePoints="5" visitedSequencePoints="0" numBranchPoints="4" visitedBranchPoints="0" sequenceCoverage="0" branchCoverage="0" maxCyclomaticComplexity="0" minCyclomaticComplexity="0" visitedClasses="0" numClasses="0" visitedMethods="0" numMethods="1" />
              <MetadataToken />
              <Name>Umfrage.Abstractions.IQuestion Umfrage.Questionnaire::get_PreviousQuestion()</Name>
              <FileRef uid="1" />
              <SequencePoints>
                <SequencePoint vc="0" upsid="39" ordinal="0" sl="39" sc="1" el="39" ec="2" bec="0" bev="0" fileid="1" />
                <SequencePoint vc="0" upsid="41" ordinal="1" sl="41" sc="1" el="41" ec="2" bec="0" bev="0" fileid="1" />
                <SequencePoint vc="0" upsid="42" ordinal="2" sl="42" sc="1" el="42" ec="2" bec="0" bev="0" fileid="1" />
                <SequencePoint vc="0" upsid="45" ordinal="3" sl="45" sc="1" el="45" ec="2" bec="0" bev="0" fileid="1" />
                <SequencePoint vc="0" upsid="46" ordinal="4" sl="46" sc="1" el="46" ec="2" bec="0" bev="0" fileid="1" />
              </SequencePoints>
              <BranchPoints>
                <BranchPoint vc="0" upsid="41" ordinal="0" path="0" offset="12" offsetend="14" sl="41" fileid="1" />
                <BranchPoint vc="0" upsid="41" ordinal="1" path="1" offset="12" offsetend="19" sl="41" fileid="1" />
                <BranchPoint vc="0" upsid="45" ordinal="2" path="0" offset="25" offsetend="27" sl="45" fileid="1" />
                <BranchPoint vc="0" upsid="45" ordinal="3" path="1" offset="25" offsetend="58" sl="45" fileid="1" />
              </BranchPoints>
              <MethodPoint vc="0" upsid="0" p8:type="SequencePoint" ordinal="6" offset="6" sc="0" sl="39" ec="1" el="46" bec="0" bev="0" fileid="1" xmlns:p8="xsi" />
            </Method>
            <Method cyclomaticComplexity="0" nPathComplexity="0" sequenceCoverage="0" branchCoverage="0" isConstructor="False" isGetter="True" isSetter="False" isStatic="True">
              <Summary numSequencePoints="5" visitedSequencePoints="0" numBranchPoints="4" visitedBranchPoints="0" sequenceCoverage="0" branchCoverage="0" maxCyclomaticComplexity="0" minCyclomaticComplexity="0" visitedClasses="0" numClasses="0" visitedMethods="0" numMethods="1" />
              <MetadataToken />
              <Name>Umfrage.Abstractions.IQuestion Umfrage.Questionnaire::get_CurrentQuestion()</Name>
              <FileRef uid="1" />
              <SequencePoints>
                <SequencePoint vc="0" upsid="50" ordinal="0" sl="50" sc="1" el="50" ec="2" bec="0" bev="0" fileid="1" />
                <SequencePoint vc="0" upsid="52" ordinal="1" sl="52" sc="1" el="52" ec="2" bec="0" bev="0" fileid="1" />
                <SequencePoint vc="0" upsid="53" ordinal="2" sl="53" sc="1" el="53" ec="2" bec="0" bev="0" fileid="1" />
                <SequencePoint vc="0" upsid="56" ordinal="3" sl="56" sc="1" el="56" ec="2" bec="0" bev="0" fileid="1" />
                <SequencePoint vc="0" upsid="57" ordinal="4" sl="57" sc="1" el="57" ec="2" bec="0" bev="0" fileid="1" />
              </SequencePoints>
              <BranchPoints>
                <BranchPoint vc="0" upsid="52" ordinal="0" path="0" offset="20" offsetend="22" sl="52" fileid="1" />
                <BranchPoint vc="0" upsid="52" ordinal="1" path="1" offset="20" offsetend="27" sl="52" fileid="1" />
                <BranchPoint vc="0" upsid="56" ordinal="2" path="0" offset="33" offsetend="35" sl="56" fileid="1" />
                <BranchPoint vc="0" upsid="56" ordinal="3" path="1" offset="33" offsetend="64" sl="56" fileid="1" />
              </BranchPoints>
              <MethodPoint vc="0" upsid="0" p8:type="SequencePoint" ordinal="7" offset="7" sc="0" sl="50" ec="1" el="57" bec="0" bev="0" fileid="1" xmlns:p8="xsi" />
            </Method>
            <Method cyclomaticComplexity="0" nPathComplexity="0" sequenceCoverage="0" branchCoverage="0" isConstructor="False" isGetter="True" isSetter="False" isStatic="True">
              <Summary numSequencePoints="8" visitedSequencePoints="0" numBranchPoints="4" visitedBranchPoints="0" sequenceCoverage="0" branchCoverage="0" maxCyclomaticComplexity="0" minCyclomaticComplexity="0" visitedClasses="0" numClasses="0" visitedMethods="0" numMethods="1" />
              <MetadataToken />
              <Name>Umfrage.Abstractions.IQuestion Umfrage.Questionnaire::get_NextQuestion()</Name>
              <FileRef uid="1" />
              <SequencePoints>
                <SequencePoint vc="0" upsid="61" ordinal="0" sl="61" sc="1" el="61" ec="2" bec="0" bev="0" fileid="1" />
                <SequencePoint vc="0" upsid="63" ordinal="1" sl="63" sc="1" el="63" ec="2" bec="0" bev="0" fileid="1" />
                <SequencePoint vc="0" upsid="64" ordinal="2" sl="64" sc="1" el="64" ec="2" bec="0" bev="0" fileid="1" />
                <SequencePoint vc="0" upsid="67" ordinal="3" sl="67" sc="1" el="67" ec="2" bec="0" bev="0" fileid="1" />
                <SequencePoint vc="0" upsid="68" ordinal="4" sl="68" sc="1" el="68" ec="2" bec="0" bev="0" fileid="1" />
                <SequencePoint vc="0" upsid="69" ordinal="5" sl="69" sc="1" el="69" ec="2" bec="0" bev="0" fileid="1" />
                <SequencePoint vc="0" upsid="70" ordinal="6" sl="70" sc="1" el="70" ec="2" bec="0" bev="0" fileid="1" />
                <SequencePoint vc="0" upsid="73" ordinal="7" sl="73" sc="1" el="73" ec="2" bec="0" bev="0" fileid="1" />
              </SequencePoints>
              <BranchPoints>
                <BranchPoint vc="0" upsid="63" ordinal="0" path="0" offset="19" offsetend="21" sl="63" fileid="1" />
                <BranchPoint vc="0" upsid="63" ordinal="1" path="1" offset="19" offsetend="26" sl="63" fileid="1" />
                <BranchPoint vc="0" upsid="68" ordinal="2" path="0" offset="34" offsetend="36" sl="68" fileid="1" />
                <BranchPoint vc="0" upsid="68" ordinal="3" path="1" offset="34" offsetend="67" sl="68" fileid="1" />
              </BranchPoints>
              <MethodPoint vc="0" upsid="0" p8:type="SequencePoint" ordinal="8" offset="8" sc="0" sl="61" ec="1" el="73" bec="0" bev="0" fileid="1" xmlns:p8="xsi" />
            </Method>
            <Method cyclomaticComplexity="0" nPathComplexity="0" sequenceCoverage="0" branchCoverage="0" isConstructor="False" isGetter="True" isSetter="False" isStatic="True">
              <Summary numSequencePoints="1" visitedSequencePoints="0" numBranchPoints="0" visitedBranchPoints="0" sequenceCoverage="0" branchCoverage="0" maxCyclomaticComplexity="0" minCyclomaticComplexity="0" visitedClasses="0" numClasses="0" visitedMethods="0" numMethods="1" />
              <MetadataToken />
              <Name>Umfrage.Abstractions.QuestionnaireSetting Umfrage.Questionnaire::get_Settings()</Name>
              <FileRef uid="1" />
              <SequencePoints>
                <SequencePoint vc="0" upsid="76" ordinal="0" sl="76" sc="1" el="76" ec="2" bec="0" bev="0" fileid="1" />
              </SequencePoints>
              <BranchPoints />
              <MethodPoint vc="0" upsid="0" p8:type="SequencePoint" ordinal="9" offset="9" sc="0" sl="76" ec="1" el="76" bec="0" bev="0" fileid="1" xmlns:p8="xsi" />
            </Method>
            <Method cyclomaticComplexity="0" nPathComplexity="0" sequenceCoverage="0" branchCoverage="0" isConstructor="False" isGetter="False" isSetter="False" isStatic="True">
              <Summary numSequencePoints="5" visitedSequencePoints="0" numBranchPoints="0" visitedBranchPoints="0" sequenceCoverage="0" branchCoverage="0" maxCyclomaticComplexity="0" minCyclomaticComplexity="0" visitedClasses="0" numClasses="0" visitedMethods="0" numMethods="1" />
              <MetadataToken />
              <Name>System.Void Umfrage.Questionnaire::AskQuestionWaitAnswer()</Name>
              <FileRef uid="1" />
              <SequencePoints>
                <SequencePoint vc="0" upsid="92" ordinal="0" sl="92" sc="1" el="92" ec="2" bec="0" bev="0" fileid="1" />
                <SequencePoint vc="0" upsid="94" ordinal="1" sl="94" sc="1" el="94" ec="2" bec="0" bev="0" fileid="1" />
                <SequencePoint vc="0" upsid="96" ordinal="2" sl="96" sc="1" el="96" ec="2" bec="0" bev="0" fileid="1" />
                <SequencePoint vc="0" upsid="98" ordinal="3" sl="98" sc="1" el="98" ec="2" bec="0" bev="0" fileid="1" />
                <SequencePoint vc="0" upsid="99" ordinal="4" sl="99" sc="1" el="99" ec="2" bec="0" bev="0" fileid="1" />
              </SequencePoints>
              <BranchPoints />
              <MethodPoint vc="0" upsid="0" p8:type="SequencePoint" ordinal="10" offset="10" sc="0" sl="92" ec="1" el="99" bec="0" bev="0" fileid="1" xmlns:p8="xsi" />
            </Method>
            <Method cyclomaticComplexity="0" nPathComplexity="0" sequenceCoverage="0" branchCoverage="0" isConstructor="False" isGetter="False" isSetter="False" isStatic="True">
              <Summary numSequencePoints="6" visitedSequencePoints="0" numBranchPoints="2" visitedBranchPoints="0" sequenceCoverage="0" branchCoverage="0" maxCyclomaticComplexity="0" minCyclomaticComplexity="0" visitedClasses="0" numClasses="0" visitedMethods="0" numMethods="1" />
              <MetadataToken />
              <Name>Umfrage.Abstractions.IBranch Umfrage.Questionnaire::FindBranch(System.String)</Name>
              <FileRef uid="1" />
              <SequencePoints>
                <SequencePoint vc="0" upsid="101" ordinal="0" sl="101" sc="1" el="101" ec="2" bec="0" bev="0" fileid="1" />
                <SequencePoint vc="0" upsid="102" ordinal="1" sl="102" sc="1" el="102" ec="2" bec="0" bev="0" fileid="1" />
                <SequencePoint vc="0" upsid="104" ordinal="2" sl="104" sc="1" el="104" ec="2" bec="0" bev="0" fileid="1" />
                <SequencePoint vc="0" upsid="105" ordinal="3" sl="105" sc="1" el="105" ec="2" bec="0" bev="0" fileid="1" />
                <SequencePoint vc="0" upsid="108" ordinal="4" sl="108" sc="1" el="108" ec="2" bec="0" bev="0" fileid="1" />
                <SequencePoint vc="0" upsid="109" ordinal="5" sl="109" sc="1" el="109" ec="2" bec="0" bev="0" fileid="1" />
              </SequencePoints>
              <BranchPoints>
                <BranchPoint vc="0" upsid="104" ordinal="0" path="0" offset="44" offsetend="46" sl="104" fileid="1" />
                <BranchPoint vc="0" upsid="104" ordinal="1" path="1" offset="44" offsetend="74" sl="104" fileid="1" />
              </BranchPoints>
              <MethodPoint vc="0" upsid="0" p8:type="SequencePoint" ordinal="11" offset="11" sc="0" sl="101" ec="1" el="109" bec="0" bev="0" fileid="1" xmlns:p8="xsi" />
            </Method>
            <Method cyclomaticComplexity="0" nPathComplexity="0" sequenceCoverage="0" branchCoverage="0" isConstructor="False" isGetter="False" isSetter="False" isStatic="True">
              <Summary numSequencePoints="10" visitedSequencePoints="0" numBranchPoints="4" visitedBranchPoints="0" sequenceCoverage="0" branchCoverage="0" maxCyclomaticComplexity="0" minCyclomaticComplexity="0" visitedClasses="0" numClasses="0" visitedMethods="0" numMethods="1" />
              <MetadataToken />
              <Name>Umfrage.Abstractions.IQuestionnaire Umfrage.Questionnaire::Start()</Name>
              <FileRef uid="1" />
              <SequencePoints>
                <SequencePoint vc="0" upsid="111" ordinal="0" sl="111" sc="1" el="111" ec="2" bec="0" bev="0" fileid="1" />
                <SequencePoint vc="0" upsid="113" ordinal="1" sl="113" sc="1" el="113" ec="2" bec="0" bev="0" fileid="1" />
                <SequencePoint vc="0" upsid="114" ordinal="2" sl="114" sc="1" el="114" ec="2" bec="0" bev="0" fileid="1" />
                <SequencePoint vc="0" upsid="117" ordinal="3" sl="117" sc="1" el="117" ec="2" bec="0" bev="0" fileid="1" />
                <SequencePoint vc="0" upsid="118" ordinal="4" sl="118" sc="1" el="118" ec="2" bec="0" bev="0" fileid="1" />
                <SequencePoint vc="0" upsid="121" ordinal="5" sl="121" sc="1" el="121" ec="2" bec="0" bev="0" fileid="1" />
                <SequencePoint vc="0" upsid="123" ordinal="6" sl="123" sc="1" el="123" ec="2" bec="0" bev="0" fileid="1" />
                <SequencePoint vc="0" upsid="125" ordinal="7" sl="125" sc="1" el="125" ec="2" bec="0" bev="0" fileid="1" />
                <SequencePoint vc="0" upsid="127" ordinal="8" sl="127" sc="1" el="127" ec="2" bec="0" bev="0" fileid="1" />
                <SequencePoint vc="0" upsid="128" ordinal="9" sl="128" sc="1" el="128" ec="2" bec="0" bev="0" fileid="1" />
              </SequencePoints>
              <BranchPoints>
                <BranchPoint vc="0" upsid="113" ordinal="0" path="0" offset="17" offsetend="19" sl="113" fileid="1" />
                <BranchPoint vc="0" upsid="113" ordinal="1" path="1" offset="17" offsetend="31" sl="113" fileid="1" />
                <BranchPoint vc="0" upsid="117" ordinal="2" path="0" offset="39" offsetend="41" sl="117" fileid="1" />
                <BranchPoint vc="0" upsid="117" ordinal="3" path="1" offset="39" offsetend="53" sl="117" fileid="1" />
              </BranchPoints>
              <MethodPoint vc="0" upsid="0" p8:type="SequencePoint" ordinal="12" offset="12" sc="0" sl="111" ec="1" el="128" bec="0" bev="0" fileid="1" xmlns:p8="xsi" />
            </Method>
            <Method cyclomaticComplexity="0" nPathComplexity="0" sequenceCoverage="0" branchCoverage="0" isConstructor="False" isGetter="False" isSetter="False" isStatic="True">
              <Summary numSequencePoints="11" visitedSequencePoints="0" numBranchPoints="4" visitedBranchPoints="0" sequenceCoverage="0" branchCoverage="0" maxCyclomaticComplexity="0" minCyclomaticComplexity="0" visitedClasses="0" numClasses="0" visitedMethods="0" numMethods="1" />
              <MetadataToken />
              <Name>Umfrage.Abstractions.IQuestionnaire Umfrage.Questionnaire::GoToBranch(System.String)</Name>
              <FileRef uid="1" />
              <SequencePoints>
                <SequencePoint vc="0" upsid="130" ordinal="0" sl="130" sc="1" el="130" ec="2" bec="0" bev="0" fileid="1" />
                <SequencePoint vc="0" upsid="132" ordinal="1" sl="132" sc="1" el="132" ec="2" bec="0" bev="0" fileid="1" />
                <SequencePoint vc="0" upsid="133" ordinal="2" sl="133" sc="1" el="133" ec="2" bec="0" bev="0" fileid="1" />
                <SequencePoint vc="0" upsid="136" ordinal="3" sl="136" sc="1" el="136" ec="2" bec="0" bev="0" fileid="1" />
                <SequencePoint vc="0" upsid="138" ordinal="4" sl="138" sc="1" el="138" ec="2" bec="0" bev="0" fileid="1" />
                <SequencePoint vc="0" upsid="139" ordinal="5" sl="139" sc="1" el="139" ec="2" bec="0" bev="0" fileid="1" />
                <SequencePoint vc="0" upsid="144" ordinal="6" sl="144" sc="1" el="144" ec="2" bec="0" bev="0" fileid="1" />
                <SequencePoint vc="0" upsid="145" ordinal="7" sl="145" sc="1" el="145" ec="2" bec="0" bev="0" fileid="1" />
                <SequencePoint vc="0" upsid="146" ordinal="8" sl="146" sc="1" el="146" ec="2" bec="0" bev="0" fileid="1" />
                <SequencePoint vc="0" upsid="148" ordinal="9" sl="148" sc="1" el="148" ec="2" bec="0" bev="0" fileid="1" />
                <SequencePoint vc="0" upsid="149" ordinal="10" sl="149" sc="1" el="149" ec="2" bec="0" bev="0" fileid="1" />
              </SequencePoints>
              <BranchPoints>
                <BranchPoint vc="0" upsid="132" ordinal="0" path="0" offset="20" offsetend="22" sl="132" fileid="1" />
                <BranchPoint vc="0" upsid="132" ordinal="1" path="1" offset="20" offsetend="34" sl="132" fileid="1" />
                <BranchPoint vc="0" upsid="138" ordinal="2" path="0" offset="58" offsetend="60" sl="138" fileid="1" />
                <BranchPoint vc="0" upsid="138" ordinal="3" path="1" offset="58" offsetend="72" sl="138" fileid="1" />
              </BranchPoints>
              <MethodPoint vc="0" upsid="0" p8:type="SequencePoint" ordinal="13" offset="13" sc="0" sl="130" ec="1" el="149" bec="0" bev="0" fileid="1" xmlns:p8="xsi" />
            </Method>
            <Method cyclomaticComplexity="0" nPathComplexity="0" sequenceCoverage="0" branchCoverage="0" isConstructor="False" isGetter="False" isSetter="False" isStatic="True">
              <Summary numSequencePoints="16" visitedSequencePoints="0" numBranchPoints="8" visitedBranchPoints="0" sequenceCoverage="0" branchCoverage="0" maxCyclomaticComplexity="0" minCyclomaticComplexity="0" visitedClasses="0" numClasses="0" visitedMethods="0" numMethods="1" />
              <MetadataToken />
              <Name>Umfrage.Abstractions.IQuestionnaire Umfrage.Questionnaire::Next()</Name>
              <FileRef uid="1" />
              <SequencePoints>
                <SequencePoint vc="0" upsid="151" ordinal="0" sl="151" sc="1" el="151" ec="2" bec="0" bev="0" fileid="1" />
                <SequencePoint vc="0" upsid="153" ordinal="1" sl="153" sc="1" el="153" ec="2" bec="0" bev="0" fileid="1" />
                <SequencePoint vc="0" upsid="154" ordinal="2" sl="154" sc="1" el="154" ec="2" bec="0" bev="0" fileid="1" />
                <SequencePoint vc="0" upsid="158" ordinal="3" sl="158" sc="1" el="158" ec="2" bec="0" bev="0" fileid="1" />
                <SequencePoint vc="0" upsid="159" ordinal="4" sl="159" sc="1" el="159" ec="2" bec="0" bev="0" fileid="1" />
                <SequencePoint vc="0" upsid="164" ordinal="5" sl="164" sc="1" el="164" ec="2" bec="0" bev="0" fileid="1" />
                <SequencePoint vc="0" upsid="165" ordinal="6" sl="165" sc="1" el="165" ec="2" bec="0" bev="0" fileid="1" />
                <SequencePoint vc="0" upsid="166" ordinal="7" sl="166" sc="1" el="166" ec="2" bec="0" bev="0" fileid="1" />
                <SequencePoint vc="0" upsid="168" ordinal="8" sl="168" sc="1" el="168" ec="2" bec="0" bev="0" fileid="1" />
                <SequencePoint vc="0" upsid="169" ordinal="9" sl="169" sc="1" el="169" ec="2" bec="0" bev="0" fileid="1" />
                <SequencePoint vc="0" upsid="171" ordinal="10" sl="171" sc="1" el="171" ec="2" bec="0" bev="0" fileid="1" />
                <SequencePoint vc="0" upsid="173" ordinal="11" sl="173" sc="1" el="173" ec="2" bec="0" bev="0" fileid="1" />
                <SequencePoint vc="0" upsid="174" ordinal="12" sl="174" sc="1" el="174" ec="2" bec="0" bev="0" fileid="1" />
                <SequencePoint vc="0" upsid="177" ordinal="13" sl="177" sc="1" el="177" ec="2" bec="0" bev="0" fileid="1" />
                <SequencePoint vc="0" upsid="179" ordinal="14" sl="179" sc="1" el="179" ec="2" bec="0" bev="0" fileid="1" />
                <SequencePoint vc="0" upsid="180" ordinal="15" sl="180" sc="1" el="180" ec="2" bec="0" bev="0" fileid="1" />
              </SequencePoints>
              <BranchPoints>
                <BranchPoint vc="0" upsid="153" ordinal="0" path="0" offset="12" offsetend="14" sl="153" fileid="1" />
                <BranchPoint vc="0" upsid="153" ordinal="1" path="1" offset="12" offsetend="26" sl="153" fileid="1" />
                <BranchPoint vc="0" upsid="158" ordinal="2" path="0" offset="45" offsetend="47" sl="158" fileid="1" />
                <BranchPoint vc="0" upsid="158" ordinal="3" path="1" offset="45" offsetend="52" sl="158" fileid="1" />
                <BranchPoint vc="0" upsid="164" ordinal="4" path="0" offset="60" offsetend="62" sl="164" fileid="1" />
                <BranchPoint vc="0" upsid="164" ordinal="5" path="1" offset="60" offsetend="73" sl="164" fileid="1" />
                <BranchPoint vc="0" upsid="171" ordinal="6" path="0" offset="107" offsetend="109" sl="171" fileid="1" />
                <BranchPoint vc="0" upsid="171" ordinal="7" path="1" offset="107" offsetend="135" sl="171" fileid="1" />
              </BranchPoints>
              <MethodPoint vc="0" upsid="0" p8:type="SequencePoint" ordinal="14" offset="14" sc="0" sl="151" ec="1" el="180" bec="0" bev="0" fileid="1" xmlns:p8="xsi" />
            </Method>
            <Method cyclomaticComplexity="0" nPathComplexity="0" sequenceCoverage="0" branchCoverage="0" isConstructor="False" isGetter="False" isSetter="False" isStatic="True">
              <Summary numSequencePoints="12" visitedSequencePoints="0" numBranchPoints="10" visitedBranchPoints="0" sequenceCoverage="0" branchCoverage="0" maxCyclomaticComplexity="0" minCyclomaticComplexity="0" visitedClasses="0" numClasses="0" visitedMethods="0" numMethods="1" />
              <MetadataToken />
              <Name>Umfrage.Abstractions.IQuestionnaire Umfrage.Questionnaire::GotToStep(System.Int32,System.String)</Name>
              <FileRef uid="1" />
              <SequencePoints>
                <SequencePoint vc="0" upsid="182" ordinal="0" sl="182" sc="1" el="182" ec="2" bec="0" bev="0" fileid="1" />
                <SequencePoint vc="0" upsid="184" ordinal="1" sl="184" sc="1" el="184" ec="2" bec="0" bev="0" fileid="1" />
                <SequencePoint vc="0" upsid="185" ordinal="2" sl="185" sc="1" el="185" ec="2" bec="0" bev="0" fileid="1" />
                <SequencePoint vc="0" upsid="189" ordinal="3" sl="189" sc="1" el="189" ec="2" bec="0" bev="0" fileid="1" />
                <SequencePoint vc="0" upsid="192" ordinal="4" sl="192" sc="1" el="192" ec="2" bec="0" bev="0" fileid="1" />
                <SequencePoint vc="0" upsid="195" ordinal="5" sl="195" sc="1" el="195" ec="2" bec="0" bev="0" fileid="1" />
                <SequencePoint vc="0" upsid="196" ordinal="6" sl="196" sc="1" el="196" ec="2" bec="0" bev="0" fileid="1" />
                <SequencePoint vc="0" upsid="197" ordinal="7" sl="197" sc="1" el="197" ec="2" bec="0" bev="0" fileid="1" />
                <SequencePoint vc="0" upsid="201" ordinal="8" sl="201" sc="1" el="201" ec="2" bec="0" bev="0" fileid="1" />
                <SequencePoint vc="0" upsid="202" ordinal="9" sl="202" sc="1" el="202" ec="2" bec="0" bev="0" fileid="1" />
                <SequencePoint vc="0" upsid="204" ordinal="10" sl="204" sc="1" el="204" ec="2" bec="0" bev="0" fileid="1" />
                <SequencePoint vc="0" upsid="206" ordinal="11" sl="206" sc="1" el="206" ec="2" bec="0" bev="0" fileid="1" />
              </SequencePoints>
              <BranchPoints>
                <BranchPoint vc="0" upsid="184" ordinal="0" path="0" offset="20" offsetend="22" sl="184" fileid="1" />
                <BranchPoint vc="0" upsid="184" ordinal="1" path="1" offset="20" offsetend="34" sl="184" fileid="1" />
                <BranchPoint vc="0" upsid="189" ordinal="2" path="0" offset="35" offsetend="37" sl="189" fileid="1" />
                <BranchPoint vc="0" upsid="189" ordinal="3" path="1" offset="35" offsetend="40" sl="189" fileid="1" />
                <BranchPoint vc="0" upsid="192" ordinal="4" path="0" offset="49" offsetend="51" sl="192" fileid="1" />
                <BranchPoint vc="0" upsid="192" ordinal="5" path="1" offset="49" offsetend="64" sl="192" fileid="1" />
                <BranchPoint vc="0" upsid="195" ordinal="6" path="0" offset="78" offsetend="80" sl="195" fileid="1" />
                <BranchPoint vc="0" upsid="195" ordinal="7" path="1" offset="78" offsetend="86" sl="195" fileid="1" />
                <BranchPoint vc="0" upsid="195" ordinal="8" path="0" offset="89" offsetend="91" sl="195" fileid="1" />
                <BranchPoint vc="0" upsid="195" ordinal="9" path="1" offset="89" offsetend="119" sl="195" fileid="1" />
              </BranchPoints>
              <MethodPoint vc="0" upsid="0" p8:type="SequencePoint" ordinal="15" offset="15" sc="0" sl="182" ec="1" el="206" bec="0" bev="0" fileid="1" xmlns:p8="xsi" />
            </Method>
            <Method cyclomaticComplexity="0" nPathComplexity="0" sequenceCoverage="0" branchCoverage="0" isConstructor="False" isGetter="False" isSetter="False" isStatic="True">
              <Summary numSequencePoints="4" visitedSequencePoints="0" numBranchPoints="0" visitedBranchPoints="0" sequenceCoverage="0" branchCoverage="0" maxCyclomaticComplexity="0" minCyclomaticComplexity="0" visitedClasses="0" numClasses="0" visitedMethods="0" numMethods="1" />
              <MetadataToken />
              <Name>Umfrage.Abstractions.IQuestionnaire Umfrage.Questionnaire::Add(Umfrage.Abstractions.IBranch)</Name>
              <FileRef uid="1" />
              <SequencePoints>
                <SequencePoint vc="0" upsid="208" ordinal="0" sl="208" sc="1" el="208" ec="2" bec="0" bev="0" fileid="1" />
                <SequencePoint vc="0" upsid="209" ordinal="1" sl="209" sc="1" el="209" ec="2" bec="0" bev="0" fileid="1" />
                <SequencePoint vc="0" upsid="211" ordinal="2" sl="211" sc="1" el="211" ec="2" bec="0" bev="0" fileid="1" />
                <SequencePoint vc="0" upsid="212" ordinal="3" sl="212" sc="1" el="212" ec="2" bec="0" bev="0" fileid="1" />
              </SequencePoints>
              <BranchPoints />
              <MethodPoint vc="0" upsid="0" p8:type="SequencePoint" ordinal="16" offset="16" sc="0" sl="208" ec="1" el="212" bec="0" bev="0" fileid="1" xmlns:p8="xsi" />
            </Method>
            <Method cyclomaticComplexity="0" nPathComplexity="0" sequenceCoverage="0" branchCoverage="0" isConstructor="False" isGetter="False" isSetter="False" isStatic="True">
              <Summary numSequencePoints="19" visitedSequencePoints="0" numBranchPoints="8" visitedBranchPoints="0" sequenceCoverage="0" branchCoverage="0" maxCyclomaticComplexity="0" minCyclomaticComplexity="0" visitedClasses="0" numClasses="0" visitedMethods="0" numMethods="1" />
              <MetadataToken />
              <Name>Umfrage.Abstractions.IQuestionnaire Umfrage.Questionnaire::Add(Umfrage.Abstractions.IQuestion,Umfrage.Abstractions.IBranch,System.Boolean)</Name>
              <FileRef uid="1" />
              <SequencePoints>
                <SequencePoint vc="0" upsid="214" ordinal="0" sl="214" sc="1" el="214" ec="2" bec="0" bev="0" fileid="1" />
                <SequencePoint vc="0" upsid="216" ordinal="1" sl="216" sc="1" el="216" ec="2" bec="0" bev="0" fileid="1" />
                <SequencePoint vc="0" upsid="217" ordinal="2" sl="217" sc="1" el="217" ec="2" bec="0" bev="0" fileid="1" />
                <SequencePoint vc="0" upsid="218" ordinal="3" sl="218" sc="1" el="218" ec="2" bec="0" bev="0" fileid="1" />
                <SequencePoint vc="0" upsid="220" ordinal="4" sl="220" sc="1" el="220" ec="2" bec="0" bev="0" fileid="1" />
                <SequencePoint vc="0" upsid="222" ordinal="5" sl="222" sc="1" el="222" ec="2" bec="0" bev="0" fileid="1" />
                <SequencePoint vc="0" upsid="223" ordinal="6" sl="223" sc="1" el="223" ec="2" bec="0" bev="0" fileid="1" />
                <SequencePoint vc="0" upsid="224" ordinal="7" sl="224" sc="1" el="224" ec="2" bec="0" bev="0" fileid="1" />
                <SequencePoint vc="0" upsid="225" ordinal="8" sl="225" sc="1" el="225" ec="2" bec="0" bev="0" fileid="1" />
                <SequencePoint vc="0" upsid="226" ordinal="9" sl="226" sc="1" el="226" ec="2" bec="0" bev="0" fileid="1" />
                <SequencePoint vc="0" upsid="227" ordinal="10" sl="227" sc="1" el="227" ec="2" bec="0" bev="0" fileid="1" />
                <SequencePoint vc="0" upsid="229" ordinal="11" sl="229" sc="1" el="229" ec="2" bec="0" bev="0" fileid="1" />
                <SequencePoint vc="0" upsid="230" ordinal="12" sl="230" sc="1" el="230" ec="2" bec="0" bev="0" fileid="1" />
                <SequencePoint vc="0" upsid="231" ordinal="13" sl="231" sc="1" el="231" ec="2" bec="0" bev="0" fileid="1" />
                <SequencePoint vc="0" upsid="232" ordinal="14" sl="232" sc="1" el="232" ec="2" bec="0" bev="0" fileid="1" />
                <SequencePoint vc="0" upsid="233" ordinal="15" sl="233" sc="1" el="233" ec="2" bec="0" bev="0" fileid="1" />
                <SequencePoint vc="0" upsid="235" ordinal="16" sl="235" sc="1" el="235" ec="2" bec="0" bev="0" fileid="1" />
                <SequencePoint vc="0" upsid="236" ordinal="17" sl="236" sc="1" el="236" ec="2" bec="0" bev="0" fileid="1" />
                <SequencePoint vc="0" upsid="237" ordinal="18" sl="237" sc="1" el="237" ec="2" bec="0" bev="0" fileid="1" />
              </SequencePoints>
              <BranchPoints>
                <BranchPoint vc="0" upsid="216" ordinal="0" path="0" offset="12" offsetend="14" sl="216" fileid="1" />
                <BranchPoint vc="0" upsid="216" ordinal="1" path="1" offset="12" offsetend="24" sl="216" fileid="1" />
                <BranchPoint vc="0" upsid="220" ordinal="2" path="0" offset="30" offsetend="32" sl="220" fileid="1" />
                <BranchPoint vc="0" upsid="222" ordinal="4" path="0" offset="36" offsetend="38" sl="222" fileid="1" />
                <BranchPoint vc="0" upsid="222" ordinal="5" path="1" offset="36" offsetend="63" sl="222" fileid="1" />
                <BranchPoint vc="0" upsid="220" ordinal="3" path="1" offset="30" offsetend="81" sl="220" fileid="1" />
                <BranchPoint vc="0" upsid="229" ordinal="6" path="0" offset="85" offsetend="87" sl="229" fileid="1" />
                <BranchPoint vc="0" upsid="229" ordinal="7" path="1" offset="85" offsetend="112" sl="229" fileid="1" />
              </BranchPoints>
              <MethodPoint vc="0" upsid="0" p8:type="SequencePoint" ordinal="17" offset="17" sc="0" sl="214" ec="1" el="237" bec="0" bev="0" fileid="1" xmlns:p8="xsi" />
            </Method>
            <Method cyclomaticComplexity="0" nPathComplexity="0" sequenceCoverage="0" branchCoverage="0" isConstructor="False" isGetter="False" isSetter="False" isStatic="True">
              <Summary numSequencePoints="5" visitedSequencePoints="0" numBranchPoints="0" visitedBranchPoints="0" sequenceCoverage="0" branchCoverage="0" maxCyclomaticComplexity="0" minCyclomaticComplexity="0" visitedClasses="0" numClasses="0" visitedMethods="0" numMethods="1" />
              <MetadataToken />
              <Name>System.Void Umfrage.Questionnaire::End()</Name>
              <FileRef uid="1" />
              <SequencePoints>
                <SequencePoint vc="0" upsid="239" ordinal="0" sl="239" sc="1" el="239" ec="2" bec="0" bev="0" fileid="1" />
                <SequencePoint vc="0" upsid="240" ordinal="1" sl="240" sc="1" el="240" ec="2" bec="0" bev="0" fileid="1" />
                <SequencePoint vc="0" upsid="241" ordinal="2" sl="241" sc="1" el="241" ec="2" bec="0" bev="0" fileid="1" />
                <SequencePoint vc="0" upsid="242" ordinal="3" sl="242" sc="1" el="242" ec="2" bec="0" bev="0" fileid="1" />
                <SequencePoint vc="0" upsid="243" ordinal="4" sl="243" sc="1" el="243" ec="2" bec="0" bev="0" fileid="1" />
              </SequencePoints>
              <BranchPoints />
              <MethodPoint vc="0" upsid="0" p8:type="SequencePoint" ordinal="18" offset="18" sc="0" sl="239" ec="1" el="243" bec="0" bev="0" fileid="1" xmlns:p8="xsi" />
            </Method>
            <Method cyclomaticComplexity="0" nPathComplexity="0" sequenceCoverage="0" branchCoverage="0" isConstructor="False" isGetter="False" isSetter="False" isStatic="True">
              <Summary numSequencePoints="7" visitedSequencePoints="0" numBranchPoints="2" visitedBranchPoints="0" sequenceCoverage="0" branchCoverage="0" maxCyclomaticComplexity="0" minCyclomaticComplexity="0" visitedClasses="0" numClasses="0" visitedMethods="0" numMethods="1" />
              <MetadataToken />
              <Name>Umfrage.Abstractions.IQuestionnaire Umfrage.Questionnaire::Prev()</Name>
              <FileRef uid="1" />
              <SequencePoints>
                <SequencePoint vc="0" upsid="245" ordinal="0" sl="245" sc="1" el="245" ec="2" bec="0" bev="0" fileid="1" />
                <SequencePoint vc="0" upsid="247" ordinal="1" sl="247" sc="1" el="247" ec="2" bec="0" bev="0" fileid="1" />
                <SequencePoint vc="0" upsid="248" ordinal="2" sl="248" sc="1" el="248" ec="2" bec="0" bev="0" fileid="1" />
                <SequencePoint vc="0" upsid="251" ordinal="3" sl="251" sc="1" el="251" ec="2" bec="0" bev="0" fileid="1" />
                <SequencePoint vc="0" upsid="253" ordinal="4" sl="253" sc="1" el="253" ec="2" bec="0" bev="0" fileid="1" />
                <SequencePoint vc="0" upsid="255" ordinal="5" sl="255" sc="1" el="255" ec="2" bec="0" bev="0" fileid="1" />
                <SequencePoint vc="0" upsid="257" ordinal="6" sl="257" sc="1" el="257" ec="2" bec="0" bev="0" fileid="1" />
              </SequencePoints>
              <BranchPoints>
                <BranchPoint vc="0" upsid="247" ordinal="0" path="0" offset="12" offsetend="14" sl="247" fileid="1" />
                <BranchPoint vc="0" upsid="247" ordinal="1" path="1" offset="12" offsetend="26" sl="247" fileid="1" />
              </BranchPoints>
              <MethodPoint vc="0" upsid="0" p8:type="SequencePoint" ordinal="19" offset="19" sc="0" sl="245" ec="1" el="257" bec="0" bev="0" fileid="1" xmlns:p8="xsi" />
            </Method>
            <Method cyclomaticComplexity="0" nPathComplexity="0" sequenceCoverage="0" branchCoverage="0" isConstructor="True" isGetter="False" isSetter="False" isStatic="True">
              <Summary numSequencePoints="11" visitedSequencePoints="0" numBranchPoints="2" visitedBranchPoints="0" sequenceCoverage="0" branchCoverage="0" maxCyclomaticComplexity="0" minCyclomaticComplexity="0" visitedClasses="0" numClasses="0" visitedMethods="0" numMethods="1" />
              <MetadataToken />
              <Name>System.Void Umfrage.Questionnaire::.ctor(Umfrage.Abstractions.IUserTerminal,Umfrage.Abstractions.QuestionnaireSetting)</Name>
              <FileRef uid="1" />
              <SequencePoints>
                <SequencePoint vc="0" upsid="12" ordinal="0" sl="12" sc="1" el="12" ec="2" bec="0" bev="0" fileid="1" />
                <SequencePoint vc="0" upsid="13" ordinal="1" sl="13" sc="1" el="13" ec="2" bec="0" bev="0" fileid="1" />
                <SequencePoint vc="0" upsid="15" ordinal="2" sl="15" sc="1" el="15" ec="2" bec="0" bev="0" fileid="1" />
                <SequencePoint vc="0" upsid="16" ordinal="3" sl="16" sc="1" el="16" ec="2" bec="0" bev="0" fileid="1" />
                <SequencePoint vc="0" upsid="80" ordinal="4" sl="80" sc="1" el="80" ec="2" bec="0" bev="0" fileid="1" />
                <SequencePoint vc="0" upsid="82" ordinal="5" sl="82" sc="1" el="82" ec="2" bec="0" bev="0" fileid="1" />
                <SequencePoint vc="0" upsid="84" ordinal="6" sl="84" sc="1" el="84" ec="2" bec="0" bev="0" fileid="1" />
                <SequencePoint vc="0" upsid="87" ordinal="7" sl="87" sc="1" el="87" ec="2" bec="0" bev="0" fileid="1" />
                <SequencePoint vc="0" upsid="88" ordinal="8" sl="88" sc="1" el="88" ec="2" bec="0" bev="0" fileid="1" />
                <SequencePoint vc="0" upsid="89" ordinal="9" sl="89" sc="1" el="89" ec="2" bec="0" bev="0" fileid="1" />
                <SequencePoint vc="0" upsid="90" ordinal="10" sl="90" sc="1" el="90" ec="2" bec="0" bev="0" fileid="1" />
              </SequencePoints>
              <BranchPoints>
                <BranchPoint vc="0" upsid="84" ordinal="0" path="0" offset="47" offsetend="49" sl="84" fileid="1" />
                <BranchPoint vc="0" upsid="84" ordinal="1" path="1" offset="47" offsetend="55" sl="84" fileid="1" />
              </BranchPoints>
              <MethodPoint vc="0" upsid="0" p8:type="SequencePoint" ordinal="20" offset="20" sc="0" sl="12" ec="1" el="90" bec="0" bev="0" fileid="1" xmlns:p8="xsi" />
            </Method>
          </Methods>
        </Class>
        <Class>
          <Summary numSequencePoints="16" visitedSequencePoints="0" numBranchPoints="4" visitedBranchPoints="0" sequenceCoverage="0" branchCoverage="0" maxCyclomaticComplexity="0" minCyclomaticComplexity="0" visitedClasses="0" numClasses="1" visitedMethods="0" numMethods="4" />
          <FullName>Umfrage.Implementations.Branch</FullName>
          <Methods>
            <Method cyclomaticComplexity="0" nPathComplexity="0" sequenceCoverage="0" branchCoverage="0" isConstructor="False" isGetter="True" isSetter="False" isStatic="True">
              <Summary numSequencePoints="1" visitedSequencePoints="0" numBranchPoints="0" visitedBranchPoints="0" sequenceCoverage="0" branchCoverage="0" maxCyclomaticComplexity="0" minCyclomaticComplexity="0" visitedClasses="0" numClasses="0" visitedMethods="0" numMethods="1" />
              <MetadataToken />
              <Name>System.String Umfrage.Implementations.Branch::get_Name()</Name>
              <FileRef uid="2" />
              <SequencePoints>
                <SequencePoint vc="0" upsid="8" ordinal="0" sl="8" sc="1" el="8" ec="2" bec="0" bev="0" fileid="2" />
              </SequencePoints>
              <BranchPoints />
              <MethodPoint vc="0" upsid="0" p8:type="SequencePoint" ordinal="0" offset="0" sc="0" sl="8" ec="1" el="8" bec="0" bev="0" fileid="2" xmlns:p8="xsi" />
            </Method>
            <Method cyclomaticComplexity="0" nPathComplexity="0" sequenceCoverage="0" branchCoverage="0" isConstructor="False" isGetter="True" isSetter="False" isStatic="True">
              <Summary numSequencePoints="1" visitedSequencePoints="0" numBranchPoints="0" visitedBranchPoints="0" sequenceCoverage="0" branchCoverage="0" maxCyclomaticComplexity="0" minCyclomaticComplexity="0" visitedClasses="0" numClasses="0" visitedMethods="0" numMethods="1" />
              <MetadataToken />
              <Name>System.Collections.Generic.IEnumerable`1&lt;Umfrage.Abstractions.IQuestion&gt; Umfrage.Implementations.Branch::get_Questions()</Name>
              <FileRef uid="2" />
              <SequencePoints>
                <SequencePoint vc="0" upsid="16" ordinal="0" sl="16" sc="1" el="16" ec="2" bec="0" bev="0" fileid="2" />
              </SequencePoints>
              <BranchPoints />
              <MethodPoint vc="0" upsid="0" p8:type="SequencePoint" ordinal="1" offset="1" sc="0" sl="16" ec="1" el="16" bec="0" bev="0" fileid="2" xmlns:p8="xsi" />
            </Method>
            <Method cyclomaticComplexity="0" nPathComplexity="0" sequenceCoverage="0" branchCoverage="0" isConstructor="False" isGetter="False" isSetter="False" isStatic="True">
              <Summary numSequencePoints="10" visitedSequencePoints="0" numBranchPoints="4" visitedBranchPoints="0" sequenceCoverage="0" branchCoverage="0" maxCyclomaticComplexity="0" minCyclomaticComplexity="0" visitedClasses="0" numClasses="0" visitedMethods="0" numMethods="1" />
              <MetadataToken />
              <Name>Umfrage.Abstractions.IBranch Umfrage.Implementations.Branch::Add(Umfrage.Abstractions.IQuestion,System.Nullable`1&lt;System.Int32&gt;)</Name>
              <FileRef uid="2" />
              <SequencePoints>
                <SequencePoint vc="0" upsid="18" ordinal="0" sl="18" sc="1" el="18" ec="2" bec="0" bev="0" fileid="2" />
                <SequencePoint vc="0" upsid="20" ordinal="1" sl="20" sc="1" el="20" ec="2" bec="0" bev="0" fileid="2" />
                <SequencePoint vc="0" upsid="21" ordinal="2" sl="21" sc="1" el="21" ec="2" bec="0" bev="0" fileid="2" />
                <SequencePoint vc="0" upsid="24" ordinal="3" sl="24" sc="1" el="24" ec="2" bec="0" bev="0" fileid="2" />
                <SequencePoint vc="0" upsid="25" ordinal="4" sl="25" sc="1" el="25" ec="2" bec="0" bev="0" fileid="2" />
                <SequencePoint vc="0" upsid="26" ordinal="5" sl="26" sc="1" el="26" ec="2" bec="0" bev="0" fileid="2" />
                <SequencePoint vc="0" upsid="27" ordinal="6" sl="27" sc="1" el="27" ec="2" bec="0" bev="0" fileid="2" />
                <SequencePoint vc="0" upsid="28" ordinal="7" sl="28" sc="1" el="28" ec="2" bec="0" bev="0" fileid="2" />
                <SequencePoint vc="0" upsid="30" ordinal="8" sl="30" sc="1" el="30" ec="2" bec="0" bev="0" fileid="2" />
                <SequencePoint vc="0" upsid="31" ordinal="9" sl="31" sc="1" el="31" ec="2" bec="0" bev="0" fileid="2" />
              </SequencePoints>
              <BranchPoints>
                <BranchPoint vc="0" upsid="20" ordinal="0" path="0" offset="25" offsetend="27" sl="20" fileid="2" />
                <BranchPoint vc="0" upsid="20" ordinal="1" path="1" offset="25" offsetend="39" sl="20" fileid="2" />
                <BranchPoint vc="0" upsid="24" ordinal="2" path="0" offset="48" offsetend="50" sl="24" fileid="2" />
                <BranchPoint vc="0" upsid="24" ordinal="3" path="1" offset="48" offsetend="74" sl="24" fileid="2" />
              </BranchPoints>
              <MethodPoint vc="0" upsid="0" p8:type="SequencePoint" ordinal="2" offset="2" sc="0" sl="18" ec="1" el="31" bec="0" bev="0" fileid="2" xmlns:p8="xsi" />
            </Method>
            <Method cyclomaticComplexity="0" nPathComplexity="0" sequenceCoverage="0" branchCoverage="0" isConstructor="True" isGetter="False" isSetter="False" isStatic="True">
              <Summary numSequencePoints="4" visitedSequencePoints="0" numBranchPoints="0" visitedBranchPoints="0" sequenceCoverage="0" branchCoverage="0" maxCyclomaticComplexity="0" minCyclomaticComplexity="0" visitedClasses="0" numClasses="0" visitedMethods="0" numMethods="1" />
              <MetadataToken />
              <Name>System.Void Umfrage.Implementations.Branch::.ctor(System.String)</Name>
              <FileRef uid="2" />
              <SequencePoints>
                <SequencePoint vc="0" upsid="10" ordinal="0" sl="10" sc="1" el="10" ec="2" bec="0" bev="0" fileid="2" />
                <SequencePoint vc="0" upsid="11" ordinal="1" sl="11" sc="1" el="11" ec="2" bec="0" bev="0" fileid="2" />
                <SequencePoint vc="0" upsid="12" ordinal="2" sl="12" sc="1" el="12" ec="2" bec="0" bev="0" fileid="2" />
                <SequencePoint vc="0" upsid="13" ordinal="3" sl="13" sc="1" el="13" ec="2" bec="0" bev="0" fileid="2" />
              </SequencePoints>
              <BranchPoints />
              <MethodPoint vc="0" upsid="0" p8:type="SequencePoint" ordinal="3" offset="3" sc="0" sl="10" ec="1" el="13" bec="0" bev="0" fileid="2" xmlns:p8="xsi" />
            </Method>
          </Methods>
        </Class>
        <Class>
          <Summary numSequencePoints="110" visitedSequencePoints="0" numBranchPoints="52" visitedBranchPoints="0" sequenceCoverage="0" branchCoverage="0" maxCyclomaticComplexity="0" minCyclomaticComplexity="0" visitedClasses="0" numClasses="1" visitedMethods="0" numMethods="6" />
          <FullName>Umfrage.Implementations.CheckList</FullName>
          <Methods>
            <Method cyclomaticComplexity="0" nPathComplexity="0" sequenceCoverage="0" branchCoverage="0" isConstructor="False" isGetter="False" isSetter="False" isStatic="True">
              <Summary numSequencePoints="23" visitedSequencePoints="0" numBranchPoints="6" visitedBranchPoints="0" sequenceCoverage="0" branchCoverage="0" maxCyclomaticComplexity="0" minCyclomaticComplexity="0" visitedClasses="0" numClasses="0" visitedMethods="0" numMethods="1" />
              <MetadataToken />
              <Name>Umfrage.Abstractions.IQuestion Umfrage.Implementations.CheckList::TakeAnswer()</Name>
              <FileRef uid="3" />
              <SequencePoints>
                <SequencePoint vc="0" upsid="15" ordinal="0" sl="15" sc="1" el="15" ec="2" bec="0" bev="0" fileid="3" />
                <SequencePoint vc="0" upsid="17" ordinal="1" sl="17" sc="1" el="17" ec="2" bec="0" bev="0" fileid="3" />
                <SequencePoint vc="0" upsid="19" ordinal="2" sl="19" sc="1" el="19" ec="2" bec="0" bev="0" fileid="3" />
                <SequencePoint vc="0" upsid="20" ordinal="3" sl="20" sc="1" el="20" ec="2" bec="0" bev="0" fileid="3" />
                <SequencePoint vc="0" upsid="22" ordinal="4" sl="22" sc="1" el="22" ec="2" bec="0" bev="0" fileid="3" />
                <SequencePoint vc="0" upsid="23" ordinal="5" sl="23" sc="1" el="23" ec="2" bec="0" bev="0" fileid="3" />
                <SequencePoint vc="0" upsid="24" ordinal="6" sl="24" sc="1" el="24" ec="2" bec="0" bev="0" fileid="3" />
                <SequencePoint vc="0" upsid="25" ordinal="7" sl="25" sc="1" el="25" ec="2" bec="0" bev="0" fileid="3" />
                <SequencePoint vc="0" upsid="27" ordinal="8" sl="27" sc="1" el="27" ec="2" bec="0" bev="0" fileid="3" />
                <SequencePoint vc="0" upsid="28" ordinal="9" sl="28" sc="1" el="28" ec="2" bec="0" bev="0" fileid="3" />
                <SequencePoint vc="0" upsid="30" ordinal="10" sl="30" sc="1" el="30" ec="2" bec="0" bev="0" fileid="3" />
                <SequencePoint vc="0" upsid="32" ordinal="11" sl="32" sc="1" el="32" ec="2" bec="0" bev="0" fileid="3" />
                <SequencePoint vc="0" upsid="33" ordinal="12" sl="33" sc="1" el="33" ec="2" bec="0" bev="0" fileid="3" />
                <SequencePoint vc="0" upsid="34" ordinal="13" sl="34" sc="1" el="34" ec="2" bec="0" bev="0" fileid="3" />
                <SequencePoint vc="0" upsid="35" ordinal="14" sl="35" sc="1" el="35" ec="2" bec="0" bev="0" fileid="3" />
                <SequencePoint vc="0" upsid="36" ordinal="15" sl="36" sc="1" el="36" ec="2" bec="0" bev="0" fileid="3" />
                <SequencePoint vc="0" upsid="38" ordinal="16" sl="38" sc="1" el="38" ec="2" bec="0" bev="0" fileid="3" />
                <SequencePoint vc="0" upsid="39" ordinal="17" sl="39" sc="1" el="39" ec="2" bec="0" bev="0" fileid="3" />
                <SequencePoint vc="0" upsid="40" ordinal="18" sl="40" sc="1" el="40" ec="2" bec="0" bev="0" fileid="3" />
                <SequencePoint vc="0" upsid="44" ordinal="19" sl="44" sc="1" el="44" ec="2" bec="0" bev="0" fileid="3" />
                <SequencePoint vc="0" upsid="46" ordinal="20" sl="46" sc="1" el="46" ec="2" bec="0" bev="0" fileid="3" />
                <SequencePoint vc="0" upsid="47" ordinal="21" sl="47" sc="1" el="47" ec="2" bec="0" bev="0" fileid="3" />
                <SequencePoint vc="0" upsid="49" ordinal="22" sl="49" sc="1" el="49" ec="2" bec="0" bev="0" fileid="3" />
              </SequencePoints>
              <BranchPoints>
                <BranchPoint vc="0" upsid="23" ordinal="0" path="0" offset="35" offsetend="37" sl="23" fileid="3" />
                <BranchPoint vc="0" upsid="23" ordinal="1" path="1" offset="35" offsetend="47" sl="23" fileid="3" />
                <BranchPoint vc="0" upsid="30" ordinal="2" path="0" offset="72" offsetend="74" sl="30" fileid="3" />
                <BranchPoint vc="0" upsid="30" ordinal="3" path="1" offset="72" offsetend="77" sl="30" fileid="3" />
                <BranchPoint vc="0" upsid="32" ordinal="4" path="0" offset="97" offsetend="99" sl="32" fileid="3" />
                <BranchPoint vc="0" upsid="32" ordinal="5" path="1" offset="97" offsetend="142" sl="32" fileid="3" />
              </BranchPoints>
              <MethodPoint vc="0" upsid="0" p8:type="SequencePoint" ordinal="0" offset="0" sc="0" sl="15" ec="1" el="49" bec="0" bev="0" fileid="3" xmlns:p8="xsi" />
            </Method>
            <Method cyclomaticComplexity="0" nPathComplexity="0" sequenceCoverage="0" branchCoverage="0" isConstructor="False" isGetter="False" isSetter="False" isStatic="True">
              <Summary numSequencePoints="48" visitedSequencePoints="0" numBranchPoints="30" visitedBranchPoints="0" sequenceCoverage="0" branchCoverage="0" maxCyclomaticComplexity="0" minCyclomaticComplexity="0" visitedClasses="0" numClasses="0" visitedMethods="0" numMethods="1" />
              <MetadataToken />
              <Name>System.Int32 Umfrage.Implementations.CheckList::HandleInput(System.Int32,System.Int32,System.Int32)</Name>
              <FileRef uid="3" />
              <SequencePoints>
                <SequencePoint vc="0" upsid="51" ordinal="0" sl="51" sc="1" el="51" ec="2" bec="0" bev="0" fileid="3" />
                <SequencePoint vc="0" upsid="53" ordinal="1" sl="53" sc="1" el="53" ec="2" bec="0" bev="0" fileid="3" />
                <SequencePoint vc="0" upsid="55" ordinal="2" sl="55" sc="1" el="55" ec="2" bec="0" bev="0" fileid="3" />
                <SequencePoint vc="0" upsid="57" ordinal="3" sl="57" sc="1" el="57" ec="2" bec="0" bev="0" fileid="3" />
                <SequencePoint vc="0" upsid="59" ordinal="4" sl="59" sc="1" el="59" ec="2" bec="0" bev="0" fileid="3" />
                <SequencePoint vc="0" upsid="61" ordinal="5" sl="61" sc="1" el="61" ec="2" bec="0" bev="0" fileid="3" />
                <SequencePoint vc="0" upsid="63" ordinal="6" sl="63" sc="1" el="63" ec="2" bec="0" bev="0" fileid="3" />
                <SequencePoint vc="0" upsid="65" ordinal="7" sl="65" sc="1" el="65" ec="2" bec="0" bev="0" fileid="3" />
                <SequencePoint vc="0" upsid="67" ordinal="8" sl="67" sc="1" el="67" ec="2" bec="0" bev="0" fileid="3" />
                <SequencePoint vc="0" upsid="68" ordinal="9" sl="68" sc="1" el="68" ec="2" bec="0" bev="0" fileid="3" />
                <SequencePoint vc="0" upsid="69" ordinal="10" sl="69" sc="1" el="69" ec="2" bec="0" bev="0" fileid="3" />
                <SequencePoint vc="0" upsid="71" ordinal="11" sl="71" sc="1" el="71" ec="2" bec="0" bev="0" fileid="3" />
                <SequencePoint vc="0" upsid="72" ordinal="12" sl="72" sc="1" el="72" ec="2" bec="0" bev="0" fileid="3" />
                <SequencePoint vc="0" upsid="74" ordinal="13" sl="74" sc="1" el="74" ec="2" bec="0" bev="0" fileid="3" />
                <SequencePoint vc="0" upsid="75" ordinal="14" sl="75" sc="1" el="75" ec="2" bec="0" bev="0" fileid="3" />
                <SequencePoint vc="0" upsid="77" ordinal="15" sl="77" sc="1" el="77" ec="2" bec="0" bev="0" fileid="3" />
                <SequencePoint vc="0" upsid="79" ordinal="16" sl="79" sc="1" el="79" ec="2" bec="0" bev="0" fileid="3" />
                <SequencePoint vc="0" upsid="80" ordinal="17" sl="80" sc="1" el="80" ec="2" bec="0" bev="0" fileid="3" />
                <SequencePoint vc="0" upsid="82" ordinal="18" sl="82" sc="1" el="82" ec="2" bec="0" bev="0" fileid="3" />
                <SequencePoint vc="0" upsid="83" ordinal="19" sl="83" sc="1" el="83" ec="2" bec="0" bev="0" fileid="3" />
                <SequencePoint vc="0" upsid="84" ordinal="20" sl="84" sc="1" el="84" ec="2" bec="0" bev="0" fileid="3" />
                <SequencePoint vc="0" upsid="85" ordinal="21" sl="85" sc="1" el="85" ec="2" bec="0" bev="0" fileid="3" />
                <SequencePoint vc="0" upsid="87" ordinal="22" sl="87" sc="1" el="87" ec="2" bec="0" bev="0" fileid="3" />
                <SequencePoint vc="0" upsid="88" ordinal="23" sl="88" sc="1" el="88" ec="2" bec="0" bev="0" fileid="3" />
                <SequencePoint vc="0" upsid="90" ordinal="24" sl="90" sc="1" el="90" ec="2" bec="0" bev="0" fileid="3" />
                <SequencePoint vc="0" upsid="92" ordinal="25" sl="92" sc="1" el="92" ec="2" bec="0" bev="0" fileid="3" />
                <SequencePoint vc="0" upsid="94" ordinal="26" sl="94" sc="1" el="94" ec="2" bec="0" bev="0" fileid="3" />
                <SequencePoint vc="0" upsid="95" ordinal="27" sl="95" sc="1" el="95" ec="2" bec="0" bev="0" fileid="3" />
                <SequencePoint vc="0" upsid="97" ordinal="28" sl="97" sc="1" el="97" ec="2" bec="0" bev="0" fileid="3" />
                <SequencePoint vc="0" upsid="98" ordinal="29" sl="98" sc="1" el="98" ec="2" bec="0" bev="0" fileid="3" />
                <SequencePoint vc="0" upsid="99" ordinal="30" sl="99" sc="1" el="99" ec="2" bec="0" bev="0" fileid="3" />
                <SequencePoint vc="0" upsid="100" ordinal="31" sl="100" sc="1" el="100" ec="2" bec="0" bev="0" fileid="3" />
                <SequencePoint vc="0" upsid="102" ordinal="32" sl="102" sc="1" el="102" ec="2" bec="0" bev="0" fileid="3" />
                <SequencePoint vc="0" upsid="103" ordinal="33" sl="103" sc="1" el="103" ec="2" bec="0" bev="0" fileid="3" />
                <SequencePoint vc="0" upsid="105" ordinal="34" sl="105" sc="1" el="105" ec="2" bec="0" bev="0" fileid="3" />
                <SequencePoint vc="0" upsid="108" ordinal="35" sl="108" sc="1" el="108" ec="2" bec="0" bev="0" fileid="3" />
                <SequencePoint vc="0" upsid="110" ordinal="36" sl="110" sc="1" el="110" ec="2" bec="0" bev="0" fileid="3" />
                <SequencePoint vc="0" upsid="111" ordinal="37" sl="111" sc="1" el="111" ec="2" bec="0" bev="0" fileid="3" />
                <SequencePoint vc="0" upsid="112" ordinal="38" sl="112" sc="1" el="112" ec="2" bec="0" bev="0" fileid="3" />
                <SequencePoint vc="0" upsid="113" ordinal="39" sl="113" sc="1" el="113" ec="2" bec="0" bev="0" fileid="3" />
                <SequencePoint vc="0" upsid="114" ordinal="40" sl="114" sc="1" el="114" ec="2" bec="0" bev="0" fileid="3" />
                <SequencePoint vc="0" upsid="116" ordinal="41" sl="116" sc="1" el="116" ec="2" bec="0" bev="0" fileid="3" />
                <SequencePoint vc="0" upsid="118" ordinal="42" sl="118" sc="1" el="118" ec="2" bec="0" bev="0" fileid="3" />
                <SequencePoint vc="0" upsid="122" ordinal="43" sl="122" sc="1" el="122" ec="2" bec="0" bev="0" fileid="3" />
                <SequencePoint vc="0" upsid="123" ordinal="44" sl="123" sc="1" el="123" ec="2" bec="0" bev="0" fileid="3" />
                <SequencePoint vc="0" upsid="125" ordinal="45" sl="125" sc="1" el="125" ec="2" bec="0" bev="0" fileid="3" />
                <SequencePoint vc="0" upsid="127" ordinal="46" sl="127" sc="1" el="127" ec="2" bec="0" bev="0" fileid="3" />
                <SequencePoint vc="0" upsid="128" ordinal="47" sl="128" sc="1" el="128" ec="2" bec="0" bev="0" fileid="3" />
              </SequencePoints>
              <BranchPoints>
                <BranchPoint vc="0" upsid="57" ordinal="29" path="1" offset="539" offsetend="15" sl="57" fileid="3" />
                <BranchPoint vc="0" upsid="61" ordinal="0" path="0" offset="33" offsetend="35" sl="61" fileid="3" />
                <BranchPoint vc="0" upsid="61" ordinal="2" path="0" offset="38" offsetend="42" sl="61" fileid="3" />
                <BranchPoint vc="0" upsid="61" ordinal="1" path="1" offset="33" offsetend="55" sl="61" fileid="3" />
                <BranchPoint vc="0" upsid="61" ordinal="6" path="0" offset="58" offsetend="65" sl="61" fileid="3" />
                <BranchPoint vc="0" upsid="61" ordinal="8" path="0" offset="68" offsetend="75" sl="61" fileid="3" />
                <BranchPoint vc="0" upsid="61" ordinal="3" path="1" offset="38" offsetend="88" sl="61" fileid="3" />
                <BranchPoint vc="0" upsid="65" ordinal="12" path="0" offset="118" offsetend="120" sl="65" fileid="3" />
                <BranchPoint vc="0" upsid="65" ordinal="13" path="1" offset="118" offsetend="131" sl="65" fileid="3" />
                <BranchPoint vc="0" upsid="65" ordinal="14" path="0" offset="136" offsetend="138" sl="65" fileid="3" />
                <BranchPoint vc="0" upsid="67" ordinal="16" path="0" offset="168" offsetend="170" sl="67" fileid="3" />
                <BranchPoint vc="0" upsid="67" ordinal="17" path="1" offset="168" offsetend="193" sl="67" fileid="3" />
                <BranchPoint vc="0" upsid="67" ordinal="18" path="0" offset="209" offsetend="211" sl="67" fileid="3" />
                <BranchPoint vc="0" upsid="67" ordinal="19" path="1" offset="209" offsetend="234" sl="67" fileid="3" />
                <BranchPoint vc="0" upsid="65" ordinal="15" path="1" offset="136" offsetend="256" sl="65" fileid="3" />
                <BranchPoint vc="0" upsid="61" ordinal="7" path="1" offset="58" offsetend="263" sl="61" fileid="3" />
                <BranchPoint vc="0" upsid="83" ordinal="20" path="0" offset="315" offsetend="317" sl="83" fileid="3" />
                <BranchPoint vc="0" upsid="83" ordinal="21" path="1" offset="315" offsetend="334" sl="83" fileid="3" />
                <BranchPoint vc="0" upsid="61" ordinal="9" path="1" offset="68" offsetend="355" sl="61" fileid="3" />
                <BranchPoint vc="0" upsid="98" ordinal="22" path="0" offset="417" offsetend="419" sl="98" fileid="3" />
                <BranchPoint vc="0" upsid="98" ordinal="23" path="1" offset="417" offsetend="424" sl="98" fileid="3" />
                <BranchPoint vc="0" upsid="61" ordinal="5" path="1" offset="45" offsetend="442" sl="61" fileid="3" />
                <BranchPoint vc="0" upsid="110" ordinal="24" path="0" offset="452" offsetend="454" sl="110" fileid="3" />
                <BranchPoint vc="0" upsid="110" ordinal="25" path="1" offset="452" offsetend="457" sl="110" fileid="3" />
                <BranchPoint vc="0" upsid="111" ordinal="26" path="0" offset="480" offsetend="482" sl="111" fileid="3" />
                <BranchPoint vc="0" upsid="111" ordinal="27" path="1" offset="480" offsetend="510" sl="111" fileid="3" />
                <BranchPoint vc="0" upsid="61" ordinal="4" path="0" offset="45" offsetend="520" sl="61" fileid="3" />
                <BranchPoint vc="0" upsid="61" ordinal="10" path="0" offset="78" offsetend="520" sl="61" fileid="3" />
                <BranchPoint vc="0" upsid="61" ordinal="11" path="1" offset="78" offsetend="520" sl="61" fileid="3" />
                <BranchPoint vc="0" upsid="57" ordinal="28" path="0" offset="539" offsetend="544" sl="57" fileid="3" />
              </BranchPoints>
              <MethodPoint vc="0" upsid="0" p8:type="SequencePoint" ordinal="1" offset="1" sc="0" sl="51" ec="1" el="128" bec="0" bev="0" fileid="3" xmlns:p8="xsi" />
            </Method>
            <Method cyclomaticComplexity="0" nPathComplexity="0" sequenceCoverage="0" branchCoverage="0" isConstructor="False" isGetter="False" isSetter="False" isStatic="True">
              <Summary numSequencePoints="14" visitedSequencePoints="0" numBranchPoints="8" visitedBranchPoints="0" sequenceCoverage="0" branchCoverage="0" maxCyclomaticComplexity="0" minCyclomaticComplexity="0" visitedClasses="0" numClasses="0" visitedMethods="0" numMethods="1" />
              <MetadataToken />
              <Name>System.String Umfrage.Implementations.CheckList::RedrawAnswer(System.Int32)</Name>
              <FileRef uid="3" />
              <SequencePoints>
                <SequencePoint vc="0" upsid="130" ordinal="0" sl="130" sc="1" el="130" ec="2" bec="0" bev="0" fileid="3" />
                <SequencePoint vc="0" upsid="132" ordinal="1" sl="132" sc="1" el="132" ec="2" bec="0" bev="0" fileid="3" />
                <SequencePoint vc="0" upsid="134" ordinal="2" sl="134" sc="1" el="134" ec="2" bec="0" bev="0" fileid="3" />
                <SequencePoint vc="0" upsid="135" ordinal="3" sl="135" sc="1" el="135" ec="2" bec="0" bev="0" fileid="3" />
                <SequencePoint vc="0" upsid="136" ordinal="4" sl="136" sc="1" el="136" ec="2" bec="0" bev="0" fileid="3" />
                <SequencePoint vc="0" upsid="138" ordinal="5" sl="138" sc="1" el="138" ec="2" bec="0" bev="0" fileid="3" />
                <SequencePoint vc="0" upsid="139" ordinal="6" sl="139" sc="1" el="139" ec="2" bec="0" bev="0" fileid="3" />
                <SequencePoint vc="0" upsid="140" ordinal="7" sl="140" sc="1" el="140" ec="2" bec="0" bev="0" fileid="3" />
                <SequencePoint vc="0" upsid="142" ordinal="8" sl="142" sc="1" el="142" ec="2" bec="0" bev="0" fileid="3" />
                <SequencePoint vc="0" upsid="143" ordinal="9" sl="143" sc="1" el="143" ec="2" bec="0" bev="0" fileid="3" />
                <SequencePoint vc="0" upsid="144" ordinal="10" sl="144" sc="1" el="144" ec="2" bec="0" bev="0" fileid="3" />
                <SequencePoint vc="0" upsid="146" ordinal="11" sl="146" sc="1" el="146" ec="2" bec="0" bev="0" fileid="3" />
                <SequencePoint vc="0" upsid="147" ordinal="12" sl="147" sc="1" el="147" ec="2" bec="0" bev="0" fileid="3" />
                <SequencePoint vc="0" upsid="148" ordinal="13" sl="148" sc="1" el="148" ec="2" bec="0" bev="0" fileid="3" />
              </SequencePoints>
              <BranchPoints>
                <BranchPoint vc="0" upsid="138" ordinal="0" path="0" offset="66" offsetend="68" sl="138" fileid="3" />
                <BranchPoint vc="0" upsid="138" ordinal="1" path="1" offset="66" offsetend="91" sl="138" fileid="3" />
                <BranchPoint vc="0" upsid="138" ordinal="2" path="0" offset="102" offsetend="104" sl="138" fileid="3" />
                <BranchPoint vc="0" upsid="138" ordinal="3" path="1" offset="102" offsetend="127" sl="138" fileid="3" />
                <BranchPoint vc="0" upsid="142" ordinal="4" path="0" offset="146" offsetend="148" sl="142" fileid="3" />
                <BranchPoint vc="0" upsid="143" ordinal="6" path="0" offset="156" offsetend="158" sl="143" fileid="3" />
                <BranchPoint vc="0" upsid="143" ordinal="7" path="1" offset="156" offsetend="181" sl="143" fileid="3" />
                <BranchPoint vc="0" upsid="142" ordinal="5" path="1" offset="146" offsetend="188" sl="142" fileid="3" />
              </BranchPoints>
              <MethodPoint vc="0" upsid="0" p8:type="SequencePoint" ordinal="2" offset="2" sc="0" sl="130" ec="1" el="148" bec="0" bev="0" fileid="3" xmlns:p8="xsi" />
            </Method>
            <Method cyclomaticComplexity="0" nPathComplexity="0" sequenceCoverage="0" branchCoverage="0" isConstructor="False" isGetter="False" isSetter="False" isStatic="True">
              <Summary numSequencePoints="10" visitedSequencePoints="0" numBranchPoints="2" visitedBranchPoints="0" sequenceCoverage="0" branchCoverage="0" maxCyclomaticComplexity="0" minCyclomaticComplexity="0" visitedClasses="0" numClasses="0" visitedMethods="0" numMethods="1" />
              <MetadataToken />
              <Name>System.Void Umfrage.Implementations.CheckList::DrawOptions(System.Int32)</Name>
              <FileRef uid="3" />
              <SequencePoints>
                <SequencePoint vc="0" upsid="150" ordinal="0" sl="150" sc="1" el="150" ec="2" bec="0" bev="0" fileid="3" />
                <SequencePoint vc="0" upsid="151" ordinal="1" sl="151" sc="1" el="151" ec="2" bec="0" bev="0" fileid="3" />
                <SequencePoint vc="0" upsid="154" ordinal="2" sl="154" sc="1" el="154" ec="2" bec="0" bev="0" fileid="3" />
                <SequencePoint vc="0" upsid="155" ordinal="3" sl="155" sc="1" el="155" ec="2" bec="0" bev="0" fileid="3" />
                <SequencePoint vc="0" upsid="157" ordinal="4" sl="157" sc="1" el="157" ec="2" bec="0" bev="0" fileid="3" />
                <SequencePoint vc="0" upsid="158" ordinal="5" sl="158" sc="1" el="158" ec="2" bec="0" bev="0" fileid="3" />
                <SequencePoint vc="0" upsid="160" ordinal="6" sl="160" sc="1" el="160" ec="2" bec="0" bev="0" fileid="3" />
                <SequencePoint vc="0" upsid="161" ordinal="7" sl="161" sc="1" el="161" ec="2" bec="0" bev="0" fileid="3" />
                <SequencePoint vc="0" upsid="162" ordinal="8" sl="162" sc="1" el="162" ec="2" bec="0" bev="0" fileid="3" />
                <SequencePoint vc="0" upsid="163" ordinal="9" sl="163" sc="1" el="163" ec="2" bec="0" bev="0" fileid="3" />
              </SequencePoints>
              <BranchPoints>
                <BranchPoint vc="0" upsid="160" ordinal="1" path="1" offset="153" offsetend="97" sl="160" fileid="3" />
                <BranchPoint vc="0" upsid="160" ordinal="0" path="0" offset="153" offsetend="155" sl="160" fileid="3" />
              </BranchPoints>
              <MethodPoint vc="0" upsid="0" p8:type="SequencePoint" ordinal="3" offset="3" sc="0" sl="150" ec="1" el="163" bec="0" bev="0" fileid="3" xmlns:p8="xsi" />
            </Method>
            <Method cyclomaticComplexity="0" nPathComplexity="0" sequenceCoverage="0" branchCoverage="0" isConstructor="False" isGetter="False" isSetter="False" isStatic="True">
              <Summary numSequencePoints="13" visitedSequencePoints="0" numBranchPoints="6" visitedBranchPoints="0" sequenceCoverage="0" branchCoverage="0" maxCyclomaticComplexity="0" minCyclomaticComplexity="0" visitedClasses="0" numClasses="0" visitedMethods="0" numMethods="1" />
              <MetadataToken />
              <Name>System.Void Umfrage.Implementations.CheckList::PrintIndividualOption(Umfrage.Abstractions.IOption,System.Boolean,System.Boolean)</Name>
              <FileRef uid="3" />
              <SequencePoints>
                <SequencePoint vc="0" upsid="165" ordinal="0" sl="165" sc="1" el="165" ec="2" bec="0" bev="0" fileid="3" />
                <SequencePoint vc="0" upsid="167" ordinal="1" sl="167" sc="1" el="167" ec="2" bec="0" bev="0" fileid="3" />
                <SequencePoint vc="0" upsid="169" ordinal="2" sl="169" sc="1" el="169" ec="2" bec="0" bev="0" fileid="3" />
                <SequencePoint vc="0" upsid="170" ordinal="3" sl="170" sc="1" el="170" ec="2" bec="0" bev="0" fileid="3" />
                <SequencePoint vc="0" upsid="171" ordinal="4" sl="171" sc="1" el="171" ec="2" bec="0" bev="0" fileid="3" />
                <SequencePoint vc="0" upsid="174" ordinal="5" sl="174" sc="1" el="174" ec="2" bec="0" bev="0" fileid="3" />
                <SequencePoint vc="0" upsid="175" ordinal="6" sl="175" sc="1" el="175" ec="2" bec="0" bev="0" fileid="3" />
                <SequencePoint vc="0" upsid="176" ordinal="7" sl="176" sc="1" el="176" ec="2" bec="0" bev="0" fileid="3" />
                <SequencePoint vc="0" upsid="177" ordinal="8" sl="177" sc="1" el="177" ec="2" bec="0" bev="0" fileid="3" />
                <SequencePoint vc="0" upsid="178" ordinal="9" sl="178" sc="1" el="178" ec="2" bec="0" bev="0" fileid="3" />
                <SequencePoint vc="0" upsid="181" ordinal="10" sl="181" sc="1" el="181" ec="2" bec="0" bev="0" fileid="3" />
                <SequencePoint vc="0" upsid="182" ordinal="11" sl="182" sc="1" el="182" ec="2" bec="0" bev="0" fileid="3" />
                <SequencePoint vc="0" upsid="183" ordinal="12" sl="183" sc="1" el="183" ec="2" bec="0" bev="0" fileid="3" />
              </SequencePoints>
              <BranchPoints>
                <BranchPoint vc="0" upsid="169" ordinal="0" path="0" offset="11" offsetend="13" sl="169" fileid="3" />
                <BranchPoint vc="0" upsid="169" ordinal="1" path="1" offset="11" offsetend="38" sl="169" fileid="3" />
                <BranchPoint vc="0" upsid="174" ordinal="2" path="0" offset="41" offsetend="43" sl="174" fileid="3" />
                <BranchPoint vc="0" upsid="174" ordinal="3" path="1" offset="41" offsetend="64" sl="174" fileid="3" />
                <BranchPoint vc="0" upsid="181" ordinal="4" path="0" offset="96" offsetend="98" sl="181" fileid="3" />
                <BranchPoint vc="0" upsid="181" ordinal="5" path="1" offset="96" offsetend="104" sl="181" fileid="3" />
              </BranchPoints>
              <MethodPoint vc="0" upsid="0" p8:type="SequencePoint" ordinal="4" offset="4" sc="0" sl="165" ec="1" el="183" bec="0" bev="0" fileid="3" xmlns:p8="xsi" />
            </Method>
            <Method cyclomaticComplexity="0" nPathComplexity="0" sequenceCoverage="0" branchCoverage="0" isConstructor="True" isGetter="False" isSetter="False" isStatic="True">
              <Summary numSequencePoints="2" visitedSequencePoints="0" numBranchPoints="0" visitedBranchPoints="0" sequenceCoverage="0" branchCoverage="0" maxCyclomaticComplexity="0" minCyclomaticComplexity="0" visitedClasses="0" numClasses="0" visitedMethods="0" numMethods="1" />
              <MetadataToken />
              <Name>System.Void Umfrage.Implementations.CheckList::.ctor(System.String,System.Collections.Generic.IEnumerable`1&lt;Umfrage.Abstractions.IOption&gt;,System.String,System.String,System.Int32,Umfrage.Abstractions.IQuestionnaire)</Name>
              <FileRef uid="3" />
              <SequencePoints>
                <SequencePoint vc="0" upsid="12" ordinal="0" sl="12" sc="1" el="12" ec="2" bec="0" bev="0" fileid="3" />
                <SequencePoint vc="0" upsid="13" ordinal="1" sl="13" sc="1" el="13" ec="2" bec="0" bev="0" fileid="3" />
              </SequencePoints>
              <BranchPoints />
              <MethodPoint vc="0" upsid="0" p8:type="SequencePoint" ordinal="5" offset="5" sc="0" sl="12" ec="1" el="13" bec="0" bev="0" fileid="3" xmlns:p8="xsi" />
            </Method>
          </Methods>
        </Class>
        <Class>
          <Summary numSequencePoints="30" visitedSequencePoints="0" numBranchPoints="10" visitedBranchPoints="0" sequenceCoverage="0" branchCoverage="0" maxCyclomaticComplexity="0" minCyclomaticComplexity="0" visitedClasses="0" numClasses="1" visitedMethods="0" numMethods="3" />
          <FullName>Umfrage.Implementations.Confirm</FullName>
          <Methods>
            <Method cyclomaticComplexity="0" nPathComplexity="0" sequenceCoverage="0" branchCoverage="0" isConstructor="False" isGetter="True" isSetter="False" isStatic="True">
              <Summary numSequencePoints="1" visitedSequencePoints="0" numBranchPoints="0" visitedBranchPoints="0" sequenceCoverage="0" branchCoverage="0" maxCyclomaticComplexity="0" minCyclomaticComplexity="0" visitedClasses="0" numClasses="0" visitedMethods="0" numMethods="1" />
              <MetadataToken />
              <Name>System.Collections.Generic.IList`1&lt;System.String&gt; Umfrage.Implementations.Confirm::get_PossibleAnswers()</Name>
              <FileRef uid="4" />
              <SequencePoints>
                <SequencePoint vc="0" upsid="11" ordinal="0" sl="11" sc="1" el="11" ec="2" bec="0" bev="0" fileid="4" />
              </SequencePoints>
              <BranchPoints />
              <MethodPoint vc="0" upsid="0" p8:type="SequencePoint" ordinal="0" offset="0" sc="0" sl="11" ec="1" el="11" bec="0" bev="0" fileid="4" xmlns:p8="xsi" />
            </Method>
            <Method cyclomaticComplexity="0" nPathComplexity="0" sequenceCoverage="0" branchCoverage="0" isConstructor="False" isGetter="False" isSetter="False" isStatic="True">
              <Summary numSequencePoints="24" visitedSequencePoints="0" numBranchPoints="8" visitedBranchPoints="0" sequenceCoverage="0" branchCoverage="0" maxCyclomaticComplexity="0" minCyclomaticComplexity="0" visitedClasses="0" numClasses="0" visitedMethods="0" numMethods="1" />
              <MetadataToken />
              <Name>Umfrage.Abstractions.IQuestion Umfrage.Implementations.Confirm::TakeAnswer()</Name>
              <FileRef uid="4" />
              <SequencePoints>
                <SequencePoint vc="0" upsid="21" ordinal="0" sl="21" sc="1" el="21" ec="2" bec="0" bev="0" fileid="4" />
                <SequencePoint vc="0" upsid="23" ordinal="1" sl="23" sc="1" el="23" ec="2" bec="0" bev="0" fileid="4" />
                <SequencePoint vc="0" upsid="27" ordinal="2" sl="27" sc="1" el="27" ec="2" bec="0" bev="0" fileid="4" />
                <SequencePoint vc="0" upsid="30" ordinal="3" sl="30" sc="1" el="30" ec="2" bec="0" bev="0" fileid="4" />
[...]
                <SequencePoint vc="1" upsid="90" ordinal="2" sl="90" sc="1" el="90" ec="2" bec="0" bev="0" fileid="15" />
                <SequencePoint vc="4" upsid="93" ordinal="3" sl="93" sc="1" el="93" ec="2" bec="0" bev="0" fileid="15" />
                <SequencePoint vc="1" upsid="94" ordinal="4" sl="94" sc="1" el="94" ec="2" bec="0" bev="0" fileid="15" />
                <SequencePoint vc="2" upsid="97" ordinal="5" sl="97" sc="1" el="97" ec="2" bec="0" bev="0" fileid="15" />
                <SequencePoint vc="2" upsid="98" ordinal="6" sl="98" sc="1" el="98" ec="2" bec="0" bev="0" fileid="15" />
                <SequencePoint vc="2" upsid="99" ordinal="7" sl="99" sc="1" el="99" ec="2" bec="0" bev="0" fileid="15" />
                <SequencePoint vc="2" upsid="100" ordinal="8" sl="100" sc="1" el="100" ec="2" bec="0" bev="0" fileid="15" />
              </SequencePoints>
              <BranchPoints>
                <BranchPoint vc="1" upsid="89" ordinal="0" path="0" offset="7" offsetend="9" sl="89" fileid="15" />
                <BranchPoint vc="3" upsid="89" ordinal="1" path="1" offset="7" offsetend="21" sl="89" fileid="15" />
                <BranchPoint vc="1" upsid="93" ordinal="2" path="0" offset="27" offsetend="29" sl="93" fileid="15" />
                <BranchPoint vc="2" upsid="93" ordinal="3" path="1" offset="27" offsetend="41" sl="93" fileid="15" />
              </BranchPoints>
              <MethodPoint vc="9" upsid="0" p8:type="SequencePoint" ordinal="12" offset="12" sc="0" sl="87" ec="1" el="100" bec="0" bev="0" fileid="15" xmlns:p8="xsi" />
            </Method>
            <Method cyclomaticComplexity="0" nPathComplexity="0" sequenceCoverage="1" branchCoverage="0.9" isConstructor="False" isGetter="False" isSetter="False" isStatic="True">
              <Summary numSequencePoints="12" visitedSequencePoints="12" numBranchPoints="10" visitedBranchPoints="9" sequenceCoverage="1" branchCoverage="0.9" maxCyclomaticComplexity="0" minCyclomaticComplexity="0" visitedClasses="0" numClasses="0" visitedMethods="1" numMethods="1" />
              <MetadataToken />
              <Name>System.Boolean Umfrage.Abstractions.Question::Validate()</Name>
              <FileRef uid="15" />
              <SequencePoints>
                <SequencePoint vc="6" upsid="102" ordinal="0" sl="102" sc="1" el="102" ec="2" bec="0" bev="0" fileid="15" />
                <SequencePoint vc="6" upsid="104" ordinal="1" sl="104" sc="1" el="104" ec="2" bec="0" bev="0" fileid="15" />
                <SequencePoint vc="10" upsid="107" ordinal="2" sl="107" sc="1" el="107" ec="2" bec="0" bev="0" fileid="15" />
                <SequencePoint vc="8" upsid="109" ordinal="3" sl="109" sc="1" el="109" ec="2" bec="0" bev="0" fileid="15" />
                <SequencePoint vc="4" upsid="112" ordinal="4" sl="112" sc="1" el="112" ec="2" bec="0" bev="0" fileid="15" />
                <SequencePoint vc="6" upsid="114" ordinal="5" sl="114" sc="1" el="114" ec="2" bec="0" bev="0" fileid="15" />
                <SequencePoint vc="6" upsid="116" ordinal="6" sl="116" sc="1" el="116" ec="2" bec="0" bev="0" fileid="15" />
                <SequencePoint vc="10" upsid="118" ordinal="7" sl="118" sc="1" el="118" ec="2" bec="0" bev="0" fileid="15" />
                <SequencePoint vc="4" upsid="119" ordinal="8" sl="119" sc="1" el="119" ec="2" bec="0" bev="0" fileid="15" />
                <SequencePoint vc="4" upsid="120" ordinal="9" sl="120" sc="1" el="120" ec="2" bec="0" bev="0" fileid="15" />
                <SequencePoint vc="6" upsid="127" ordinal="10" sl="127" sc="1" el="127" ec="2" bec="0" bev="0" fileid="15" />
                <SequencePoint vc="6" upsid="128" ordinal="11" sl="128" sc="1" el="128" ec="2" bec="0" bev="0" fileid="15" />
              </SequencePoints>
              <BranchPoints>
                <BranchPoint vc="4" upsid="107" ordinal="0" path="0" offset="14" offsetend="16" sl="107" fileid="15" />
                <BranchPoint vc="1" upsid="109" ordinal="2" path="0" offset="24" offsetend="26" sl="109" fileid="15" />
                <BranchPoint vc="4" upsid="109" ordinal="3" path="1" offset="24" offsetend="49" sl="109" fileid="15" />
                <BranchPoint vc="6" upsid="107" ordinal="1" path="1" offset="14" offsetend="55" sl="107" fileid="15" />
                <BranchPoint vc="2" upsid="116" ordinal="4" path="0" offset="70" offsetend="72" sl="116" fileid="15" />
                <BranchPoint vc="4" upsid="116" ordinal="5" path="1" offset="70" offsetend="75" sl="116" fileid="15" />
                <BranchPoint vc="4" upsid="118" ordinal="6" path="0" offset="85" offsetend="87" sl="118" fileid="15" />
                <BranchPoint vc="4" upsid="119" ordinal="8" path="0" offset="95" offsetend="97" sl="119" fileid="15" />
                <BranchPoint vc="0" upsid="119" ordinal="9" path="1" offset="95" offsetend="100" sl="119" fileid="15" />
                <BranchPoint vc="6" upsid="118" ordinal="7" path="1" offset="85" offsetend="108" sl="118" fileid="15" />
              </BranchPoints>
              <MethodPoint vc="12" upsid="0" p8:type="SequencePoint" ordinal="13" offset="13" sc="0" sl="102" ec="1" el="128" bec="0" bev="0" fileid="15" xmlns:p8="xsi" />
            </Method>
            <Method cyclomaticComplexity="0" nPathComplexity="0" sequenceCoverage="0" branchCoverage="0" isConstructor="False" isGetter="False" isSetter="False" isStatic="True">
              <Summary numSequencePoints="9" visitedSequencePoints="0" numBranchPoints="4" visitedBranchPoints="0" sequenceCoverage="0" branchCoverage="0" maxCyclomaticComplexity="0" minCyclomaticComplexity="0" visitedClasses="0" numClasses="0" visitedMethods="0" numMethods="1" />
              <MetadataToken />
              <Name>Umfrage.Abstractions.IQuestion Umfrage.Abstractions.Question::PrintValidationErrors()</Name>
              <FileRef uid="15" />
              <SequencePoints>
                <SequencePoint vc="0" upsid="132" ordinal="0" sl="132" sc="1" el="132" ec="2" bec="0" bev="0" fileid="15" />
                <SequencePoint vc="0" upsid="134" ordinal="1" sl="134" sc="1" el="134" ec="2" bec="0" bev="0" fileid="15" />
                <SequencePoint vc="0" upsid="135" ordinal="2" sl="135" sc="1" el="135" ec="2" bec="0" bev="0" fileid="15" />
                <SequencePoint vc="0" upsid="138" ordinal="3" sl="138" sc="1" el="138" ec="2" bec="0" bev="0" fileid="15" />
                <SequencePoint vc="0" upsid="139" ordinal="4" sl="139" sc="1" el="139" ec="2" bec="0" bev="0" fileid="15" />
                <SequencePoint vc="0" upsid="141" ordinal="5" sl="141" sc="1" el="141" ec="2" bec="0" bev="0" fileid="15" />
                <SequencePoint vc="0" upsid="143" ordinal="6" sl="143" sc="1" el="143" ec="2" bec="0" bev="0" fileid="15" />
                <SequencePoint vc="0" upsid="144" ordinal="7" sl="144" sc="1" el="144" ec="2" bec="0" bev="0" fileid="15" />
                <SequencePoint vc="0" upsid="145" ordinal="8" sl="145" sc="1" el="145" ec="2" bec="0" bev="0" fileid="15" />
              </SequencePoints>
              <BranchPoints>
                <BranchPoint vc="0" upsid="134" ordinal="0" path="0" offset="8" offsetend="10" sl="134" fileid="15" />
                <BranchPoint vc="0" upsid="134" ordinal="1" path="1" offset="8" offsetend="31" sl="134" fileid="15" />
                <BranchPoint vc="0" upsid="134" ordinal="2" path="0" offset="34" offsetend="36" sl="134" fileid="15" />
                <BranchPoint vc="0" upsid="134" ordinal="3" path="1" offset="34" offsetend="48" sl="134" fileid="15" />
              </BranchPoints>
              <MethodPoint vc="0" upsid="0" p8:type="SequencePoint" ordinal="14" offset="14" sc="0" sl="132" ec="1" el="145" bec="0" bev="0" fileid="15" xmlns:p8="xsi" />
            </Method>
            <Method cyclomaticComplexity="0" nPathComplexity="0" sequenceCoverage="1" branchCoverage="0" isConstructor="False" isGetter="False" isSetter="False" isStatic="True">
              <Summary numSequencePoints="3" visitedSequencePoints="3" numBranchPoints="0" visitedBranchPoints="0" sequenceCoverage="1" branchCoverage="0" maxCyclomaticComplexity="0" minCyclomaticComplexity="0" visitedClasses="0" numClasses="0" visitedMethods="1" numMethods="1" />
              <MetadataToken />
              <Name>System.Object Umfrage.Abstractions.Question::Clone()</Name>
              <FileRef uid="15" />
              <SequencePoints>
                <SequencePoint vc="1" upsid="148" ordinal="0" sl="148" sc="1" el="148" ec="2" bec="0" bev="0" fileid="15" />
                <SequencePoint vc="1" upsid="149" ordinal="1" sl="149" sc="1" el="149" ec="2" bec="0" bev="0" fileid="15" />
                <SequencePoint vc="1" upsid="150" ordinal="2" sl="150" sc="1" el="150" ec="2" bec="0" bev="0" fileid="15" />
              </SequencePoints>
              <BranchPoints />
              <MethodPoint vc="3" upsid="0" p8:type="SequencePoint" ordinal="15" offset="15" sc="0" sl="148" ec="1" el="150" bec="0" bev="0" fileid="15" xmlns:p8="xsi" />
            </Method>
            <Method cyclomaticComplexity="0" nPathComplexity="0" sequenceCoverage="1" branchCoverage="1" isConstructor="True" isGetter="False" isSetter="False" isStatic="True">
              <Summary numSequencePoints="6" visitedSequencePoints="6" numBranchPoints="2" visitedBranchPoints="2" sequenceCoverage="1" branchCoverage="1" maxCyclomaticComplexity="0" minCyclomaticComplexity="0" visitedClasses="0" numClasses="0" visitedMethods="1" numMethods="1" />
              <MetadataToken />
              <Name>System.Void Umfrage.Abstractions.Question::.ctor(System.String,Umfrage.Abstractions.IQuestionnaire,System.String,System.String)</Name>
              <FileRef uid="15" />
              <SequencePoints>
                <SequencePoint vc="24" upsid="25" ordinal="0" sl="25" sc="1" el="25" ec="2" bec="0" bev="0" fileid="15" />
                <SequencePoint vc="12" upsid="27" ordinal="1" sl="27" sc="1" el="27" ec="2" bec="0" bev="0" fileid="15" />
                <SequencePoint vc="11" upsid="29" ordinal="2" sl="29" sc="1" el="29" ec="2" bec="0" bev="0" fileid="15" />
                <SequencePoint vc="11" upsid="30" ordinal="3" sl="30" sc="1" el="30" ec="2" bec="0" bev="0" fileid="15" />
                <SequencePoint vc="11" upsid="32" ordinal="4" sl="32" sc="1" el="32" ec="2" bec="0" bev="0" fileid="15" />
                <SequencePoint vc="11" upsid="34" ordinal="5" sl="34" sc="1" el="34" ec="2" bec="0" bev="0" fileid="15" />
              </SequencePoints>
              <BranchPoints>
                <BranchPoint vc="1" upsid="27" ordinal="0" path="0" offset="47" offsetend="49" sl="27" fileid="15" />
                <BranchPoint vc="11" upsid="27" ordinal="1" path="1" offset="47" offsetend="61" sl="27" fileid="15" />
              </BranchPoints>
              <MethodPoint vc="6" upsid="0" p8:type="SequencePoint" ordinal="16" offset="16" sc="0" sl="25" ec="1" el="34" bec="0" bev="0" fileid="15" xmlns:p8="xsi" />
            </Method>
          </Methods>
        </Class>
        <Class>
          <Summary numSequencePoints="8" visitedSequencePoints="8" numBranchPoints="0" visitedBranchPoints="0" sequenceCoverage="1" branchCoverage="0" maxCyclomaticComplexity="0" minCyclomaticComplexity="0" visitedClasses="1" numClasses="1" visitedMethods="8" numMethods="8" />
          <FullName>Umfrage.Abstractions.QuestionnaireSetting</FullName>
          <Methods>
            <Method cyclomaticComplexity="0" nPathComplexity="0" sequenceCoverage="1" branchCoverage="0" isConstructor="False" isGetter="True" isSetter="False" isStatic="True">
              <Summary numSequencePoints="1" visitedSequencePoints="1" numBranchPoints="0" visitedBranchPoints="0" sequenceCoverage="1" branchCoverage="0" maxCyclomaticComplexity="0" minCyclomaticComplexity="0" visitedClasses="0" numClasses="0" visitedMethods="1" numMethods="1" />
              <MetadataToken />
              <Name>System.String Umfrage.Abstractions.QuestionnaireSetting::get_WelcomeMessage()</Name>
              <FileRef uid="16" />
              <SequencePoints>
                <SequencePoint vc="6" upsid="9" ordinal="0" sl="9" sc="1" el="9" ec="2" bec="0" bev="0" fileid="16" />
              </SequencePoints>
              <BranchPoints />
              <MethodPoint vc="1" upsid="0" p8:type="SequencePoint" ordinal="0" offset="0" sc="0" sl="9" ec="1" el="9" bec="0" bev="0" fileid="16" xmlns:p8="xsi" />
            </Method>
            <Method cyclomaticComplexity="0" nPathComplexity="0" sequenceCoverage="1" branchCoverage="0" isConstructor="False" isGetter="True" isSetter="False" isStatic="True">
              <Summary numSequencePoints="1" visitedSequencePoints="1" numBranchPoints="0" visitedBranchPoints="0" sequenceCoverage="1" branchCoverage="0" maxCyclomaticComplexity="0" minCyclomaticComplexity="0" visitedClasses="0" numClasses="0" visitedMethods="1" numMethods="1" />
              <MetadataToken />
              <Name>System.String Umfrage.Abstractions.QuestionnaireSetting::get_QuestionIcon()</Name>
              <FileRef uid="16" />
              <SequencePoints>
                <SequencePoint vc="14" upsid="10" ordinal="0" sl="10" sc="1" el="10" ec="2" bec="0" bev="0" fileid="16" />
              </SequencePoints>
              <BranchPoints />
              <MethodPoint vc="1" upsid="0" p8:type="SequencePoint" ordinal="1" offset="1" sc="0" sl="10" ec="1" el="10" bec="0" bev="0" fileid="16" xmlns:p8="xsi" />
            </Method>
            <Method cyclomaticComplexity="0" nPathComplexity="0" sequenceCoverage="1" branchCoverage="0" isConstructor="False" isGetter="True" isSetter="False" isStatic="True">
              <Summary numSequencePoints="1" visitedSequencePoints="1" numBranchPoints="0" visitedBranchPoints="0" sequenceCoverage="1" branchCoverage="0" maxCyclomaticComplexity="0" minCyclomaticComplexity="0" visitedClasses="0" numClasses="0" visitedMethods="1" numMethods="1" />
              <MetadataToken />
              <Name>System.ConsoleColor Umfrage.Abstractions.QuestionnaireSetting::get_HintColor()</Name>
              <FileRef uid="16" />
              <SequencePoints>
                <SequencePoint vc="7" upsid="11" ordinal="0" sl="11" sc="1" el="11" ec="2" bec="0" bev="0" fileid="16" />
              </SequencePoints>
              <BranchPoints />
              <MethodPoint vc="1" upsid="0" p8:type="SequencePoint" ordinal="2" offset="2" sc="0" sl="11" ec="1" el="11" bec="0" bev="0" fileid="16" xmlns:p8="xsi" />
            </Method>
            <Method cyclomaticComplexity="0" nPathComplexity="0" sequenceCoverage="1" branchCoverage="0" isConstructor="False" isGetter="True" isSetter="False" isStatic="True">
              <Summary numSequencePoints="1" visitedSequencePoints="1" numBranchPoints="0" visitedBranchPoints="0" sequenceCoverage="1" branchCoverage="0" maxCyclomaticComplexity="0" minCyclomaticComplexity="0" visitedClasses="0" numClasses="0" visitedMethods="1" numMethods="1" />
              <MetadataToken />
              <Name>System.ConsoleColor Umfrage.Abstractions.QuestionnaireSetting::get_AnswerColor()</Name>
              <FileRef uid="16" />
              <SequencePoints>
                <SequencePoint vc="6" upsid="12" ordinal="0" sl="12" sc="1" el="12" ec="2" bec="0" bev="0" fileid="16" />
              </SequencePoints>
              <BranchPoints />
              <MethodPoint vc="1" upsid="0" p8:type="SequencePoint" ordinal="3" offset="3" sc="0" sl="12" ec="1" el="12" bec="0" bev="0" fileid="16" xmlns:p8="xsi" />
            </Method>
            <Method cyclomaticComplexity="0" nPathComplexity="0" sequenceCoverage="1" branchCoverage="0" isConstructor="False" isGetter="True" isSetter="False" isStatic="True">
              <Summary numSequencePoints="1" visitedSequencePoints="1" numBranchPoints="0" visitedBranchPoints="0" sequenceCoverage="1" branchCoverage="0" maxCyclomaticComplexity="0" minCyclomaticComplexity="0" visitedClasses="0" numClasses="0" visitedMethods="1" numMethods="1" />
              <MetadataToken />
              <Name>System.ConsoleColor Umfrage.Abstractions.QuestionnaireSetting::get_QuestionColor()</Name>
              <FileRef uid="16" />
              <SequencePoints>
                <SequencePoint vc="12" upsid="13" ordinal="0" sl="13" sc="1" el="13" ec="2" bec="0" bev="0" fileid="16" />
              </SequencePoints>
              <BranchPoints />
              <MethodPoint vc="1" upsid="0" p8:type="SequencePoint" ordinal="4" offset="4" sc="0" sl="13" ec="1" el="13" bec="0" bev="0" fileid="16" xmlns:p8="xsi" />
            </Method>
            <Method cyclomaticComplexity="0" nPathComplexity="0" sequenceCoverage="1" branchCoverage="0" isConstructor="False" isGetter="True" isSetter="False" isStatic="True">
              <Summary numSequencePoints="1" visitedSequencePoints="1" numBranchPoints="0" visitedBranchPoints="0" sequenceCoverage="1" branchCoverage="0" maxCyclomaticComplexity="0" minCyclomaticComplexity="0" visitedClasses="0" numClasses="0" visitedMethods="1" numMethods="1" />
              <MetadataToken />
              <Name>System.ConsoleColor Umfrage.Abstractions.QuestionnaireSetting::get_QuestionIconColor()</Name>
              <FileRef uid="16" />
              <SequencePoints>
                <SequencePoint vc="12" upsid="14" ordinal="0" sl="14" sc="1" el="14" ec="2" bec="0" bev="0" fileid="16" />
              </SequencePoints>
              <BranchPoints />
              <MethodPoint vc="1" upsid="0" p8:type="SequencePoint" ordinal="5" offset="5" sc="0" sl="14" ec="1" el="14" bec="0" bev="0" fileid="16" xmlns:p8="xsi" />
            </Method>
            <Method cyclomaticComplexity="0" nPathComplexity="0" sequenceCoverage="1" branchCoverage="0" isConstructor="False" isGetter="True" isSetter="False" isStatic="True">
              <Summary numSequencePoints="1" visitedSequencePoints="1" numBranchPoints="0" visitedBranchPoints="0" sequenceCoverage="1" branchCoverage="0" maxCyclomaticComplexity="0" minCyclomaticComplexity="0" visitedClasses="0" numClasses="0" visitedMethods="1" numMethods="1" />
              <MetadataToken />
              <Name>System.String Umfrage.Abstractions.QuestionnaireSetting::get_ValidationIcon()</Name>
              <FileRef uid="16" />
              <SequencePoints>
                <SequencePoint vc="6" upsid="16" ordinal="0" sl="16" sc="1" el="16" ec="2" bec="0" bev="0" fileid="16" />
              </SequencePoints>
              <BranchPoints />
              <MethodPoint vc="1" upsid="0" p8:type="SequencePoint" ordinal="6" offset="6" sc="0" sl="16" ec="1" el="16" bec="0" bev="0" fileid="16" xmlns:p8="xsi" />
            </Method>
            <Method cyclomaticComplexity="0" nPathComplexity="0" sequenceCoverage="1" branchCoverage="0" isConstructor="False" isGetter="True" isSetter="False" isStatic="True">
              <Summary numSequencePoints="1" visitedSequencePoints="1" numBranchPoints="0" visitedBranchPoints="0" sequenceCoverage="1" branchCoverage="0" maxCyclomaticComplexity="0" minCyclomaticComplexity="0" visitedClasses="0" numClasses="0" visitedMethods="1" numMethods="1" />
              <MetadataToken />
              <Name>System.ConsoleColor Umfrage.Abstractions.QuestionnaireSetting::get_ValidationIconColor()</Name>
              <FileRef uid="16" />
              <SequencePoints>
                <SequencePoint vc="6" upsid="17" ordinal="0" sl="17" sc="1" el="17" ec="2" bec="0" bev="0" fileid="16" />
              </SequencePoints>
              <BranchPoints />
              <MethodPoint vc="1" upsid="0" p8:type="SequencePoint" ordinal="7" offset="7" sc="0" sl="17" ec="1" el="17" bec="0" bev="0" fileid="16" xmlns:p8="xsi" />
            </Method>
          </Methods>
        </Class>
      </Classes>
    </Module>
  </Modules>
</CoverageSession>